==26889== Memcheck, a memory error detector
==26889== Copyright (C) 2002-2017, and GNU GPL'd, by Julian Seward et al.
==26889== Using Valgrind-3.13.0 and LibVEX; rerun with -h for copyright info
==26889== Command: ./miniRT scene.rt
==26889== Parent PID: 26888
==26889== 
==26889== Invalid read of size 1
==26889==    at 0x408685: parse_r (in /home/user42/42/miniRT/miniRT)
==26889==    by 0x407932: check_flags (in /home/user42/42/miniRT/miniRT)
==26889==    by 0x407BCA: parse (in /home/user42/42/miniRT/miniRT)
==26889==    by 0x401944: main (in /home/user42/42/miniRT/miniRT)
==26889==  Address 0x69a1c4a is 0 bytes after a block of size 10 alloc'd
==26889==    at 0x4C2FB0F: malloc (in /usr/lib/valgrind/vgpreload_memcheck-amd64-linux.so)
==26889==    by 0x407375: ft_firstchr (in /home/user42/42/miniRT/miniRT)
==26889==    by 0x407108: get_next_line (in /home/user42/42/miniRT/miniRT)
==26889==    by 0x407BDB: parse (in /home/user42/42/miniRT/miniRT)
==26889==    by 0x401944: main (in /home/user42/42/miniRT/miniRT)
==26889== 
==26889== Invalid read of size 1
==26889==    at 0x4087F0: parse_a (in /home/user42/42/miniRT/miniRT)
==26889==    by 0x40796E: check_flags (in /home/user42/42/miniRT/miniRT)
==26889==    by 0x407BCA: parse (in /home/user42/42/miniRT/miniRT)
==26889==    by 0x401944: main (in /home/user42/42/miniRT/miniRT)
==26889==  Address 0x69a26c0 is 0 bytes after a block of size 16 alloc'd
==26889==    at 0x4C2FB0F: malloc (in /usr/lib/valgrind/vgpreload_memcheck-amd64-linux.so)
==26889==    by 0x407375: ft_firstchr (in /home/user42/42/miniRT/miniRT)
==26889==    by 0x407108: get_next_line (in /home/user42/42/miniRT/miniRT)
==26889==    by 0x407BDB: parse (in /home/user42/42/miniRT/miniRT)
==26889==    by 0x401944: main (in /home/user42/42/miniRT/miniRT)
==26889== 
==26889== Invalid read of size 1
==26889==    at 0x4089F4: parse_l (in /home/user42/42/miniRT/miniRT)
==26889==    by 0x4079AA: check_flags (in /home/user42/42/miniRT/miniRT)
==26889==    by 0x407BCA: parse (in /home/user42/42/miniRT/miniRT)
==26889==    by 0x401944: main (in /home/user42/42/miniRT/miniRT)
==26889==  Address 0x69a3cce is 0 bytes after a block of size 30 alloc'd
==26889==    at 0x4C2FB0F: malloc (in /usr/lib/valgrind/vgpreload_memcheck-amd64-linux.so)
==26889==    by 0x407375: ft_firstchr (in /home/user42/42/miniRT/miniRT)
==26889==    by 0x407108: get_next_line (in /home/user42/42/miniRT/miniRT)
==26889==    by 0x407BDB: parse (in /home/user42/42/miniRT/miniRT)
==26889==    by 0x401944: main (in /home/user42/42/miniRT/miniRT)
==26889== 
==26889== Invalid read of size 1
==26889==    at 0x408DEE: parse_pl (in /home/user42/42/miniRT/miniRT)
==26889==    by 0x407A87: check_flags (in /home/user42/42/miniRT/miniRT)
==26889==    by 0x407BCA: parse (in /home/user42/42/miniRT/miniRT)
==26889==    by 0x401944: main (in /home/user42/42/miniRT/miniRT)
==26889==  Address 0x69a489c is 0 bytes after a block of size 28 alloc'd
==26889==    at 0x4C2FB0F: malloc (in /usr/lib/valgrind/vgpreload_memcheck-amd64-linux.so)
==26889==    by 0x407375: ft_firstchr (in /home/user42/42/miniRT/miniRT)
==26889==    by 0x407108: get_next_line (in /home/user42/42/miniRT/miniRT)
==26889==    by 0x407BDB: parse (in /home/user42/42/miniRT/miniRT)
==26889==    by 0x401944: main (in /home/user42/42/miniRT/miniRT)
==26889== 
==26889== Invalid read of size 1
==26889==    at 0x4095E6: parse_sq (in /home/user42/42/miniRT/miniRT)
==26889==    by 0x407A3C: check_flags (in /home/user42/42/miniRT/miniRT)
==26889==    by 0x407BCA: parse (in /home/user42/42/miniRT/miniRT)
==26889==    by 0x401944: main (in /home/user42/42/miniRT/miniRT)
==26889==  Address 0x69a840c is 0 bytes after a block of size 28 alloc'd
==26889==    at 0x4C2FB0F: malloc (in /usr/lib/valgrind/vgpreload_memcheck-amd64-linux.so)
==26889==    by 0x407375: ft_firstchr (in /home/user42/42/miniRT/miniRT)
==26889==    by 0x407108: get_next_line (in /home/user42/42/miniRT/miniRT)
==26889==    by 0x407BDB: parse (in /home/user42/42/miniRT/miniRT)
==26889==    by 0x401944: main (in /home/user42/42/miniRT/miniRT)
==26889== 
==26889== Conditional jump or move depends on uninitialised value(s)
==26889==    at 0x403F0B: pl_inter (in /home/user42/42/miniRT/miniRT)
==26889==    by 0x4040CE: plane_color (in /home/user42/42/miniRT/miniRT)
==26889==    by 0x403394: intersections (in /home/user42/42/miniRT/miniRT)
==26889==    by 0x40364D: raytrace (in /home/user42/42/miniRT/miniRT)
==26889==    by 0x401BF3: main (in /home/user42/42/miniRT/miniRT)
==26889== 
==26889== Conditional jump or move depends on uninitialised value(s)
==26889==    at 0x406118: square_color (in /home/user42/42/miniRT/miniRT)
==26889==    by 0x4030C4: inter2 (in /home/user42/42/miniRT/miniRT)
==26889==    by 0x403532: intersections (in /home/user42/42/miniRT/miniRT)
==26889==    by 0x40364D: raytrace (in /home/user42/42/miniRT/miniRT)
==26889==    by 0x401BF3: main (in /home/user42/42/miniRT/miniRT)
==26889== 
==26889== Conditional jump or move depends on uninitialised value(s)
==26889==    at 0x403F0B: pl_inter (in /home/user42/42/miniRT/miniRT)
==26889==    by 0x4040CE: plane_color (in /home/user42/42/miniRT/miniRT)
==26889==    by 0x403394: intersections (in /home/user42/42/miniRT/miniRT)
==26889==    by 0x40658D: get_shadows (in /home/user42/42/miniRT/miniRT)
==26889==    by 0x4069BD: get_color (in /home/user42/42/miniRT/miniRT)
==26889==    by 0x406D42: lighting (in /home/user42/42/miniRT/miniRT)
==26889==    by 0x403739: raytrace (in /home/user42/42/miniRT/miniRT)
==26889==    by 0x401BF3: main (in /home/user42/42/miniRT/miniRT)
==26889== 
==26889== Conditional jump or move depends on uninitialised value(s)
==26889==    at 0x406118: square_color (in /home/user42/42/miniRT/miniRT)
==26889==    by 0x4030C4: inter2 (in /home/user42/42/miniRT/miniRT)
==26889==    by 0x403532: intersections (in /home/user42/42/miniRT/miniRT)
==26889==    by 0x40658D: get_shadows (in /home/user42/42/miniRT/miniRT)
==26889==    by 0x4069BD: get_color (in /home/user42/42/miniRT/miniRT)
==26889==    by 0x406D42: lighting (in /home/user42/42/miniRT/miniRT)
==26889==    by 0x403739: raytrace (in /home/user42/42/miniRT/miniRT)
==26889==    by 0x401BF3: main (in /home/user42/42/miniRT/miniRT)
==26889== 
==26889== Conditional jump or move depends on uninitialised value(s)
==26889==    at 0x540E4AA: __ieee754_pow_fma (e_pow.c:89)
==26889==    by 0x5394B13: pow (w_pow_compat.c:30)
==26889==    by 0x401C2A: main (in /home/user42/42/miniRT/miniRT)
==26889== 
==26889== Conditional jump or move depends on uninitialised value(s)
==26889==    at 0x540E79A: __ieee754_pow_fma (e_pow.c:89)
==26889==    by 0x5394B13: pow (w_pow_compat.c:30)
==26889==    by 0x401C2A: main (in /home/user42/42/miniRT/miniRT)
==26889== 
==26889== Conditional jump or move depends on uninitialised value(s)
==26889==    at 0x540E7A7: __ieee754_pow_fma (e_pow.c:90)
==26889==    by 0x5394B13: pow (w_pow_compat.c:30)
==26889==    by 0x401C2A: main (in /home/user42/42/miniRT/miniRT)
==26889== 
==26889== Conditional jump or move depends on uninitialised value(s)
==26889==    at 0x540E7B1: __ieee754_pow_fma (e_pow.c:128)
==26889==    by 0x5394B13: pow (w_pow_compat.c:30)
==26889==    by 0x401C2A: main (in /home/user42/42/miniRT/miniRT)
==26889== 
==26889== Conditional jump or move depends on uninitialised value(s)
==26889==    at 0x540E7B3: __ieee754_pow_fma (e_pow.c:128)
==26889==    by 0x5394B13: pow (w_pow_compat.c:30)
==26889==    by 0x401C2A: main (in /home/user42/42/miniRT/miniRT)
==26889== 
==26889== Conditional jump or move depends on uninitialised value(s)
==26889==    at 0x5394BBC: pow (w_pow_compat.c:56)
==26889==    by 0x401C2A: main (in /home/user42/42/miniRT/miniRT)
==26889== 
==26889== Conditional jump or move depends on uninitialised value(s)
==26889==    at 0x5394BC2: pow (w_pow_compat.c:56)
==26889==    by 0x401C2A: main (in /home/user42/42/miniRT/miniRT)
==26889== 
==26889== Conditional jump or move depends on uninitialised value(s)
==26889==    at 0x5394BC4: pow (w_pow_compat.c:56)
==26889==    by 0x401C2A: main (in /home/user42/42/miniRT/miniRT)
==26889== 
==26889== Conditional jump or move depends on uninitialised value(s)
==26889==    at 0x540E4AA: __ieee754_pow_fma (e_pow.c:89)
==26889==    by 0x5394B13: pow (w_pow_compat.c:30)
==26889==    by 0x401C73: main (in /home/user42/42/miniRT/miniRT)
==26889== 
==26889== Conditional jump or move depends on uninitialised value(s)
==26889==    at 0x540E529: log1 (e_pow.c:265)
==26889==    by 0x540E529: __ieee754_pow_fma (e_pow.c:103)
==26889==    by 0x5394B13: pow (w_pow_compat.c:30)
==26889==    by 0x401C73: main (in /home/user42/42/miniRT/miniRT)
==26889== 
==26889== Conditional jump or move depends on uninitialised value(s)
==26889==    at 0x540E56F: log1 (e_pow.c:273)
==26889==    by 0x540E56F: __ieee754_pow_fma (e_pow.c:103)
==26889==    by 0x5394B13: pow (w_pow_compat.c:30)
==26889==    by 0x401C73: main (in /home/user42/42/miniRT/miniRT)
==26889== 
==26889== Conditional jump or move depends on uninitialised value(s)
==26889==    at 0x540E5CB: log1 (e_pow.c:287)
==26889==    by 0x540E5CB: __ieee754_pow_fma (e_pow.c:103)
==26889==    by 0x5394B13: pow (w_pow_compat.c:30)
==26889==    by 0x401C73: main (in /home/user42/42/miniRT/miniRT)
==26889== 
==26889== Use of uninitialised value of size 8
==26889==    at 0x540E5ED: log1 (e_pow.c:328)
==26889==    by 0x540E5ED: __ieee754_pow_fma (e_pow.c:103)
==26889==    by 0x5394B13: pow (w_pow_compat.c:30)
==26889==    by 0x401C73: main (in /home/user42/42/miniRT/miniRT)
==26889== 
==26889== Use of uninitialised value of size 8
==26889==    at 0x540E5F5: log1 (e_pow.c:329)
==26889==    by 0x540E5F5: __ieee754_pow_fma (e_pow.c:103)
==26889==    by 0x5394B13: pow (w_pow_compat.c:30)
==26889==    by 0x401C73: main (in /home/user42/42/miniRT/miniRT)
==26889== 
==26889== Use of uninitialised value of size 8
==26889==    at 0x540E61F: log1 (e_pow.c:332)
==26889==    by 0x540E61F: __ieee754_pow_fma (e_pow.c:103)
==26889==    by 0x5394B13: pow (w_pow_compat.c:30)
==26889==    by 0x401C73: main (in /home/user42/42/miniRT/miniRT)
==26889== 
==26889== Use of uninitialised value of size 8
==26889==    at 0x540E657: log1 (e_pow.c:334)
==26889==    by 0x540E657: __ieee754_pow_fma (e_pow.c:103)
==26889==    by 0x5394B13: pow (w_pow_compat.c:30)
==26889==    by 0x401C73: main (in /home/user42/42/miniRT/miniRT)
==26889== 
==26889== Conditional jump or move depends on uninitialised value(s)
==26889==    at 0x540D1F4: __exp1_fma (e_exp.c:252)
==26889==    by 0x540E718: __ieee754_pow_fma (e_pow.c:115)
==26889==    by 0x5394B13: pow (w_pow_compat.c:30)
==26889==    by 0x401C73: main (in /home/user42/42/miniRT/miniRT)
==26889== 
==26889== Use of uninitialised value of size 8
==26889==    at 0x540D2A0: __exp1_fma (e_exp.c:274)
==26889==    by 0x540E718: __ieee754_pow_fma (e_pow.c:115)
==26889==    by 0x5394B13: pow (w_pow_compat.c:30)
==26889==    by 0x401C73: main (in /home/user42/42/miniRT/miniRT)
==26889== 
==26889== Use of uninitialised value of size 8
==26889==    at 0x540D2BB: __exp1_fma (e_exp.c:273)
==26889==    by 0x540E718: __ieee754_pow_fma (e_pow.c:115)
==26889==    by 0x5394B13: pow (w_pow_compat.c:30)
==26889==    by 0x401C73: main (in /home/user42/42/miniRT/miniRT)
==26889== 
==26889== Use of uninitialised value of size 8
==26889==    at 0x540D2C7: __exp1_fma (e_exp.c:273)
==26889==    by 0x540E718: __ieee754_pow_fma (e_pow.c:115)
==26889==    by 0x5394B13: pow (w_pow_compat.c:30)
==26889==    by 0x401C73: main (in /home/user42/42/miniRT/miniRT)
==26889== 
==26889== Use of uninitialised value of size 8
==26889==    at 0x540D2CD: __exp1_fma (e_exp.c:274)
==26889==    by 0x540E718: __ieee754_pow_fma (e_pow.c:115)
==26889==    by 0x5394B13: pow (w_pow_compat.c:30)
==26889==    by 0x401C73: main (in /home/user42/42/miniRT/miniRT)
==26889== 
==26889== Conditional jump or move depends on uninitialised value(s)
==26889==    at 0x540D303: __exp1_fma (e_exp.c:280)
==26889==    by 0x540E718: __ieee754_pow_fma (e_pow.c:115)
==26889==    by 0x5394B13: pow (w_pow_compat.c:30)
==26889==    by 0x401C73: main (in /home/user42/42/miniRT/miniRT)
==26889== 
==26889== Conditional jump or move depends on uninitialised value(s)
==26889==    at 0x540D309: __exp1_fma (e_exp.c:280)
==26889==    by 0x540E718: __ieee754_pow_fma (e_pow.c:115)
==26889==    by 0x5394B13: pow (w_pow_compat.c:30)
==26889==    by 0x401C73: main (in /home/user42/42/miniRT/miniRT)
==26889== 
==26889== Conditional jump or move depends on uninitialised value(s)
==26889==    at 0x540E74D: __ieee754_pow_fma (e_pow.c:116)
==26889==    by 0x5394B13: pow (w_pow_compat.c:30)
==26889==    by 0x401C73: main (in /home/user42/42/miniRT/miniRT)
==26889== 
==26889== Conditional jump or move depends on uninitialised value(s)
==26889==    at 0x540E768: __ieee754_pow_fma (e_pow.c:119)
==26889==    by 0x5394B13: pow (w_pow_compat.c:30)
==26889==    by 0x401C73: main (in /home/user42/42/miniRT/miniRT)
==26889== 
==26889== Conditional jump or move depends on uninitialised value(s)
==26889==    at 0x540E772: __ieee754_pow_fma (e_pow.c:121)
==26889==    by 0x5394B13: pow (w_pow_compat.c:30)
==26889==    by 0x401C73: main (in /home/user42/42/miniRT/miniRT)
==26889== 
==26889== Conditional jump or move depends on uninitialised value(s)
==26889==    at 0x540E774: __ieee754_pow_fma (e_pow.c:121)
==26889==    by 0x5394B13: pow (w_pow_compat.c:30)
==26889==    by 0x401C73: main (in /home/user42/42/miniRT/miniRT)
==26889== 
==26889== Conditional jump or move depends on uninitialised value(s)
==26889==    at 0x540E786: __ieee754_pow_fma (e_pow.c:124)
==26889==    by 0x5394B13: pow (w_pow_compat.c:30)
==26889==    by 0x401C73: main (in /home/user42/42/miniRT/miniRT)
==26889== 
==26889== Conditional jump or move depends on uninitialised value(s)
==26889==    at 0x5394B3B: pow (w_pow_compat.c:31)
==26889==    by 0x401C73: main (in /home/user42/42/miniRT/miniRT)
==26889== 
==26889== Conditional jump or move depends on uninitialised value(s)
==26889==    at 0x5394B45: pow (w_pow_compat.c:55)
==26889==    by 0x401C73: main (in /home/user42/42/miniRT/miniRT)
==26889== 
==26889== Conditional jump or move depends on uninitialised value(s)
==26889==    at 0x5394B47: pow (w_pow_compat.c:55)
==26889==    by 0x401C73: main (in /home/user42/42/miniRT/miniRT)
==26889== 
==26889== Conditional jump or move depends on uninitialised value(s)
==26889==    at 0x406DCA: ft_max (in /home/user42/42/miniRT/miniRT)
==26889==    by 0x401C83: main (in /home/user42/42/miniRT/miniRT)
==26889== 
==26889== Conditional jump or move depends on uninitialised value(s)
==26889==    at 0x406DA3: ft_min (in /home/user42/42/miniRT/miniRT)
==26889==    by 0x401C93: main (in /home/user42/42/miniRT/miniRT)
==26889== 
==26889== Conditional jump or move depends on uninitialised value(s)
==26889==    at 0x540E4AA: __ieee754_pow_fma (e_pow.c:89)
==26889==    by 0x5394B13: pow (w_pow_compat.c:30)
==26889==    by 0x401CBC: main (in /home/user42/42/miniRT/miniRT)
==26889== 
==26889== Conditional jump or move depends on uninitialised value(s)
==26889==    at 0x540E529: log1 (e_pow.c:265)
==26889==    by 0x540E529: __ieee754_pow_fma (e_pow.c:103)
==26889==    by 0x5394B13: pow (w_pow_compat.c:30)
==26889==    by 0x401CBC: main (in /home/user42/42/miniRT/miniRT)
==26889== 
==26889== Conditional jump or move depends on uninitialised value(s)
==26889==    at 0x540E56F: log1 (e_pow.c:273)
==26889==    by 0x540E56F: __ieee754_pow_fma (e_pow.c:103)
==26889==    by 0x5394B13: pow (w_pow_compat.c:30)
==26889==    by 0x401CBC: main (in /home/user42/42/miniRT/miniRT)
==26889== 
==26889== Conditional jump or move depends on uninitialised value(s)
==26889==    at 0x540E5CB: log1 (e_pow.c:287)
==26889==    by 0x540E5CB: __ieee754_pow_fma (e_pow.c:103)
==26889==    by 0x5394B13: pow (w_pow_compat.c:30)
==26889==    by 0x401CBC: main (in /home/user42/42/miniRT/miniRT)
==26889== 
==26889== Use of uninitialised value of size 8
==26889==    at 0x540E5ED: log1 (e_pow.c:328)
==26889==    by 0x540E5ED: __ieee754_pow_fma (e_pow.c:103)
==26889==    by 0x5394B13: pow (w_pow_compat.c:30)
==26889==    by 0x401CBC: main (in /home/user42/42/miniRT/miniRT)
==26889== 
==26889== Use of uninitialised value of size 8
==26889==    at 0x540E5F5: log1 (e_pow.c:329)
==26889==    by 0x540E5F5: __ieee754_pow_fma (e_pow.c:103)
==26889==    by 0x5394B13: pow (w_pow_compat.c:30)
==26889==    by 0x401CBC: main (in /home/user42/42/miniRT/miniRT)
==26889== 
==26889== Use of uninitialised value of size 8
==26889==    at 0x540E61F: log1 (e_pow.c:332)
==26889==    by 0x540E61F: __ieee754_pow_fma (e_pow.c:103)
==26889==    by 0x5394B13: pow (w_pow_compat.c:30)
==26889==    by 0x401CBC: main (in /home/user42/42/miniRT/miniRT)
==26889== 
==26889== Use of uninitialised value of size 8
==26889==    at 0x540E657: log1 (e_pow.c:334)
==26889==    by 0x540E657: __ieee754_pow_fma (e_pow.c:103)
==26889==    by 0x5394B13: pow (w_pow_compat.c:30)
==26889==    by 0x401CBC: main (in /home/user42/42/miniRT/miniRT)
==26889== 
==26889== Conditional jump or move depends on uninitialised value(s)
==26889==    at 0x540D1F4: __exp1_fma (e_exp.c:252)
==26889==    by 0x540E718: __ieee754_pow_fma (e_pow.c:115)
==26889==    by 0x5394B13: pow (w_pow_compat.c:30)
==26889==    by 0x401CBC: main (in /home/user42/42/miniRT/miniRT)
==26889== 
==26889== Use of uninitialised value of size 8
==26889==    at 0x540D2A0: __exp1_fma (e_exp.c:274)
==26889==    by 0x540E718: __ieee754_pow_fma (e_pow.c:115)
==26889==    by 0x5394B13: pow (w_pow_compat.c:30)
==26889==    by 0x401CBC: main (in /home/user42/42/miniRT/miniRT)
==26889== 
==26889== Use of uninitialised value of size 8
==26889==    at 0x540D2BB: __exp1_fma (e_exp.c:273)
==26889==    by 0x540E718: __ieee754_pow_fma (e_pow.c:115)
==26889==    by 0x5394B13: pow (w_pow_compat.c:30)
==26889==    by 0x401CBC: main (in /home/user42/42/miniRT/miniRT)
==26889== 
==26889== Use of uninitialised value of size 8
==26889==    at 0x540D2C7: __exp1_fma (e_exp.c:273)
==26889==    by 0x540E718: __ieee754_pow_fma (e_pow.c:115)
==26889==    by 0x5394B13: pow (w_pow_compat.c:30)
==26889==    by 0x401CBC: main (in /home/user42/42/miniRT/miniRT)
==26889== 
==26889== Use of uninitialised value of size 8
==26889==    at 0x540D2CD: __exp1_fma (e_exp.c:274)
==26889==    by 0x540E718: __ieee754_pow_fma (e_pow.c:115)
==26889==    by 0x5394B13: pow (w_pow_compat.c:30)
==26889==    by 0x401CBC: main (in /home/user42/42/miniRT/miniRT)
==26889== 
==26889== Conditional jump or move depends on uninitialised value(s)
==26889==    at 0x540D303: __exp1_fma (e_exp.c:280)
==26889==    by 0x540E718: __ieee754_pow_fma (e_pow.c:115)
==26889==    by 0x5394B13: pow (w_pow_compat.c:30)
==26889==    by 0x401CBC: main (in /home/user42/42/miniRT/miniRT)
==26889== 
==26889== Conditional jump or move depends on uninitialised value(s)
==26889==    at 0x540D309: __exp1_fma (e_exp.c:280)
==26889==    by 0x540E718: __ieee754_pow_fma (e_pow.c:115)
==26889==    by 0x5394B13: pow (w_pow_compat.c:30)
==26889==    by 0x401CBC: main (in /home/user42/42/miniRT/miniRT)
==26889== 
==26889== Conditional jump or move depends on uninitialised value(s)
==26889==    at 0x540E74D: __ieee754_pow_fma (e_pow.c:116)
==26889==    by 0x5394B13: pow (w_pow_compat.c:30)
==26889==    by 0x401CBC: main (in /home/user42/42/miniRT/miniRT)
==26889== 
==26889== Conditional jump or move depends on uninitialised value(s)
==26889==    at 0x540E768: __ieee754_pow_fma (e_pow.c:119)
==26889==    by 0x5394B13: pow (w_pow_compat.c:30)
==26889==    by 0x401CBC: main (in /home/user42/42/miniRT/miniRT)
==26889== 
==26889== Conditional jump or move depends on uninitialised value(s)
==26889==    at 0x540E772: __ieee754_pow_fma (e_pow.c:121)
==26889==    by 0x5394B13: pow (w_pow_compat.c:30)
==26889==    by 0x401CBC: main (in /home/user42/42/miniRT/miniRT)
==26889== 
==26889== Conditional jump or move depends on uninitialised value(s)
==26889==    at 0x540E774: __ieee754_pow_fma (e_pow.c:121)
==26889==    by 0x5394B13: pow (w_pow_compat.c:30)
==26889==    by 0x401CBC: main (in /home/user42/42/miniRT/miniRT)
==26889== 
==26889== Conditional jump or move depends on uninitialised value(s)
==26889==    at 0x540E786: __ieee754_pow_fma (e_pow.c:124)
==26889==    by 0x5394B13: pow (w_pow_compat.c:30)
==26889==    by 0x401CBC: main (in /home/user42/42/miniRT/miniRT)
==26889== 
==26889== Conditional jump or move depends on uninitialised value(s)
==26889==    at 0x5394B3B: pow (w_pow_compat.c:31)
==26889==    by 0x401CBC: main (in /home/user42/42/miniRT/miniRT)
==26889== 
==26889== Conditional jump or move depends on uninitialised value(s)
==26889==    at 0x5394B45: pow (w_pow_compat.c:55)
==26889==    by 0x401CBC: main (in /home/user42/42/miniRT/miniRT)
==26889== 
==26889== Conditional jump or move depends on uninitialised value(s)
==26889==    at 0x5394B47: pow (w_pow_compat.c:55)
==26889==    by 0x401CBC: main (in /home/user42/42/miniRT/miniRT)
==26889== 
==26889== Conditional jump or move depends on uninitialised value(s)
==26889==    at 0x406DCA: ft_max (in /home/user42/42/miniRT/miniRT)
==26889==    by 0x401CCC: main (in /home/user42/42/miniRT/miniRT)
==26889== 
==26889== Conditional jump or move depends on uninitialised value(s)
==26889==    at 0x406DA3: ft_min (in /home/user42/42/miniRT/miniRT)
==26889==    by 0x401CDC: main (in /home/user42/42/miniRT/miniRT)
==26889== 
==26889== Conditional jump or move depends on uninitialised value(s)
==26889==    at 0x540ED03: my_log2 (e_pow.c:371)
==26889==    by 0x540ED03: power1 (e_pow.c:227)
==26889==    by 0x540ED03: __ieee754_pow_fma (e_pow.c:116)
==26889==    by 0x5394B13: pow (w_pow_compat.c:30)
==26889==    by 0x401C73: main (in /home/user42/42/miniRT/miniRT)
==26889== 
==26889== Conditional jump or move depends on uninitialised value(s)
==26889==    at 0x540ED5A: my_log2 (e_pow.c:394)
==26889==    by 0x540ED5A: power1 (e_pow.c:227)
==26889==    by 0x540ED5A: __ieee754_pow_fma (e_pow.c:116)
==26889==    by 0x5394B13: pow (w_pow_compat.c:30)
==26889==    by 0x401C73: main (in /home/user42/42/miniRT/miniRT)
==26889== 
==26889== Use of uninitialised value of size 8
==26889==    at 0x540ED7D: my_log2 (e_pow.c:418)
==26889==    by 0x540ED7D: power1 (e_pow.c:227)
==26889==    by 0x540ED7D: __ieee754_pow_fma (e_pow.c:116)
==26889==    by 0x5394B13: pow (w_pow_compat.c:30)
==26889==    by 0x401C73: main (in /home/user42/42/miniRT/miniRT)
==26889== 
==26889== Use of uninitialised value of size 8
==26889==    at 0x540ED8A: my_log2 (e_pow.c:418)
==26889==    by 0x540ED8A: power1 (e_pow.c:227)
==26889==    by 0x540ED8A: __ieee754_pow_fma (e_pow.c:116)
==26889==    by 0x5394B13: pow (w_pow_compat.c:30)
==26889==    by 0x401C73: main (in /home/user42/42/miniRT/miniRT)
==26889== 
==26889== Use of uninitialised value of size 8
==26889==    at 0x540EDDD: my_log2 (e_pow.c:426)
==26889==    by 0x540EDDD: power1 (e_pow.c:227)
==26889==    by 0x540EDDD: __ieee754_pow_fma (e_pow.c:116)
==26889==    by 0x5394B13: pow (w_pow_compat.c:30)
==26889==    by 0x401C73: main (in /home/user42/42/miniRT/miniRT)
==26889== 
==26889== Use of uninitialised value of size 8
==26889==    at 0x540EE18: my_log2 (e_pow.c:435)
==26889==    by 0x540EE18: power1 (e_pow.c:227)
==26889==    by 0x540EE18: __ieee754_pow_fma (e_pow.c:116)
==26889==    by 0x5394B13: pow (w_pow_compat.c:30)
==26889==    by 0x401C73: main (in /home/user42/42/miniRT/miniRT)
==26889== 
==26889== Use of uninitialised value of size 8
==26889==    at 0x540EE22: my_log2 (e_pow.c:433)
==26889==    by 0x540EE22: power1 (e_pow.c:227)
==26889==    by 0x540EE22: __ieee754_pow_fma (e_pow.c:116)
==26889==    by 0x5394B13: pow (w_pow_compat.c:30)
==26889==    by 0x401C73: main (in /home/user42/42/miniRT/miniRT)
==26889== 
==26889== Use of uninitialised value of size 8
==26889==    at 0x540EE2F: my_log2 (e_pow.c:435)
==26889==    by 0x540EE2F: power1 (e_pow.c:227)
==26889==    by 0x540EE2F: __ieee754_pow_fma (e_pow.c:116)
==26889==    by 0x5394B13: pow (w_pow_compat.c:30)
==26889==    by 0x401C73: main (in /home/user42/42/miniRT/miniRT)
==26889== 
==26889== Use of uninitialised value of size 8
==26889==    at 0x540EE39: my_log2 (e_pow.c:433)
==26889==    by 0x540EE39: power1 (e_pow.c:227)
==26889==    by 0x540EE39: __ieee754_pow_fma (e_pow.c:116)
==26889==    by 0x5394B13: pow (w_pow_compat.c:30)
==26889==    by 0x401C73: main (in /home/user42/42/miniRT/miniRT)
==26889== 
==26889== Conditional jump or move depends on uninitialised value(s)
==26889==    at 0x540D1F4: __exp1_fma (e_exp.c:252)
==26889==    by 0x540EF2C: power1 (e_pow.c:239)
==26889==    by 0x540EF2C: __ieee754_pow_fma (e_pow.c:116)
==26889==    by 0x5394B13: pow (w_pow_compat.c:30)
==26889==    by 0x401C73: main (in /home/user42/42/miniRT/miniRT)
==26889== 
==26889== Use of uninitialised value of size 8
==26889==    at 0x540D2A0: __exp1_fma (e_exp.c:274)
==26889==    by 0x540EF2C: power1 (e_pow.c:239)
==26889==    by 0x540EF2C: __ieee754_pow_fma (e_pow.c:116)
==26889==    by 0x5394B13: pow (w_pow_compat.c:30)
==26889==    by 0x401C73: main (in /home/user42/42/miniRT/miniRT)
==26889== 
==26889== Use of uninitialised value of size 8
==26889==    at 0x540D2BB: __exp1_fma (e_exp.c:273)
==26889==    by 0x540EF2C: power1 (e_pow.c:239)
==26889==    by 0x540EF2C: __ieee754_pow_fma (e_pow.c:116)
==26889==    by 0x5394B13: pow (w_pow_compat.c:30)
==26889==    by 0x401C73: main (in /home/user42/42/miniRT/miniRT)
==26889== 
==26889== Use of uninitialised value of size 8
==26889==    at 0x540D2C7: __exp1_fma (e_exp.c:273)
==26889==    by 0x540EF2C: power1 (e_pow.c:239)
==26889==    by 0x540EF2C: __ieee754_pow_fma (e_pow.c:116)
==26889==    by 0x5394B13: pow (w_pow_compat.c:30)
==26889==    by 0x401C73: main (in /home/user42/42/miniRT/miniRT)
==26889== 
==26889== Use of uninitialised value of size 8
==26889==    at 0x540D2CD: __exp1_fma (e_exp.c:274)
==26889==    by 0x540EF2C: power1 (e_pow.c:239)
==26889==    by 0x540EF2C: __ieee754_pow_fma (e_pow.c:116)
==26889==    by 0x5394B13: pow (w_pow_compat.c:30)
==26889==    by 0x401C73: main (in /home/user42/42/miniRT/miniRT)
==26889== 
==26889== Conditional jump or move depends on uninitialised value(s)
==26889==    at 0x540D303: __exp1_fma (e_exp.c:280)
==26889==    by 0x540EF2C: power1 (e_pow.c:239)
==26889==    by 0x540EF2C: __ieee754_pow_fma (e_pow.c:116)
==26889==    by 0x5394B13: pow (w_pow_compat.c:30)
==26889==    by 0x401C73: main (in /home/user42/42/miniRT/miniRT)
==26889== 
==26889== Conditional jump or move depends on uninitialised value(s)
==26889==    at 0x540D309: __exp1_fma (e_exp.c:280)
==26889==    by 0x540EF2C: power1 (e_pow.c:239)
==26889==    by 0x540EF2C: __ieee754_pow_fma (e_pow.c:116)
==26889==    by 0x5394B13: pow (w_pow_compat.c:30)
==26889==    by 0x401C73: main (in /home/user42/42/miniRT/miniRT)
==26889== 
==26889== Conditional jump or move depends on uninitialised value(s)
==26889==    at 0x541C7D8: __dbl_mp_fma (mpa.c:333)
==26889==    by 0x541DACF: __slowpow_fma (slowpow.c:84)
==26889==    by 0x540EF6F: power1 (e_pow.c:240)
==26889==    by 0x540EF6F: __ieee754_pow_fma (e_pow.c:116)
==26889==    by 0x5394B13: pow (w_pow_compat.c:30)
==26889==    by 0x401C73: main (in /home/user42/42/miniRT/miniRT)
==26889== 
==26889== Conditional jump or move depends on uninitialised value(s)
==26889==    at 0x541C7DA: __dbl_mp_fma (mpa.c:333)
==26889==    by 0x541DACF: __slowpow_fma (slowpow.c:84)
==26889==    by 0x540EF6F: power1 (e_pow.c:240)
==26889==    by 0x540EF6F: __ieee754_pow_fma (e_pow.c:116)
==26889==    by 0x5394B13: pow (w_pow_compat.c:30)
==26889==    by 0x401C73: main (in /home/user42/42/miniRT/miniRT)
==26889== 
==26889== Conditional jump or move depends on uninitialised value(s)
==26889==    at 0x541C7E9: __dbl_mp_fma (mpa.c:338)
==26889==    by 0x541DACF: __slowpow_fma (slowpow.c:84)
==26889==    by 0x540EF6F: power1 (e_pow.c:240)
==26889==    by 0x540EF6F: __ieee754_pow_fma (e_pow.c:116)
==26889==    by 0x5394B13: pow (w_pow_compat.c:30)
==26889==    by 0x401C73: main (in /home/user42/42/miniRT/miniRT)
==26889== 
==26889== Conditional jump or move depends on uninitialised value(s)
==26889==    at 0x541C812: __dbl_mp_fma (mpa.c:347)
==26889==    by 0x541DACF: __slowpow_fma (slowpow.c:84)
==26889==    by 0x540EF6F: power1 (e_pow.c:240)
==26889==    by 0x540EF6F: __ieee754_pow_fma (e_pow.c:116)
==26889==    by 0x5394B13: pow (w_pow_compat.c:30)
==26889==    by 0x401C73: main (in /home/user42/42/miniRT/miniRT)
==26889== 
==26889== Conditional jump or move depends on uninitialised value(s)
==26889==    at 0x541C840: __dbl_mp_fma (mpa.c:349)
==26889==    by 0x541DACF: __slowpow_fma (slowpow.c:84)
==26889==    by 0x540EF6F: power1 (e_pow.c:240)
==26889==    by 0x540EF6F: __ieee754_pow_fma (e_pow.c:116)
==26889==    by 0x5394B13: pow (w_pow_compat.c:30)
==26889==    by 0x401C73: main (in /home/user42/42/miniRT/miniRT)
==26889== 
==26889== Conditional jump or move depends on uninitialised value(s)
==26889==    at 0x541C7D8: __dbl_mp_fma (mpa.c:333)
==26889==    by 0x541DAFA: __slowpow_fma (slowpow.c:86)
==26889==    by 0x540EF6F: power1 (e_pow.c:240)
==26889==    by 0x540EF6F: __ieee754_pow_fma (e_pow.c:116)
==26889==    by 0x5394B13: pow (w_pow_compat.c:30)
==26889==    by 0x401C73: main (in /home/user42/42/miniRT/miniRT)
==26889== 
==26889== Conditional jump or move depends on uninitialised value(s)
==26889==    at 0x541C7DA: __dbl_mp_fma (mpa.c:333)
==26889==    by 0x541DAFA: __slowpow_fma (slowpow.c:86)
==26889==    by 0x540EF6F: power1 (e_pow.c:240)
==26889==    by 0x540EF6F: __ieee754_pow_fma (e_pow.c:116)
==26889==    by 0x5394B13: pow (w_pow_compat.c:30)
==26889==    by 0x401C73: main (in /home/user42/42/miniRT/miniRT)
==26889== 
==26889== Conditional jump or move depends on uninitialised value(s)
==26889==    at 0x541C7E9: __dbl_mp_fma (mpa.c:338)
==26889==    by 0x541DAFA: __slowpow_fma (slowpow.c:86)
==26889==    by 0x540EF6F: power1 (e_pow.c:240)
==26889==    by 0x540EF6F: __ieee754_pow_fma (e_pow.c:116)
==26889==    by 0x5394B13: pow (w_pow_compat.c:30)
==26889==    by 0x401C73: main (in /home/user42/42/miniRT/miniRT)
==26889== 
==26889== Conditional jump or move depends on uninitialised value(s)
==26889==    at 0x541C812: __dbl_mp_fma (mpa.c:347)
==26889==    by 0x541DAFA: __slowpow_fma (slowpow.c:86)
==26889==    by 0x540EF6F: power1 (e_pow.c:240)
==26889==    by 0x540EF6F: __ieee754_pow_fma (e_pow.c:116)
==26889==    by 0x5394B13: pow (w_pow_compat.c:30)
==26889==    by 0x401C73: main (in /home/user42/42/miniRT/miniRT)
==26889== 
==26889== Conditional jump or move depends on uninitialised value(s)
==26889==    at 0x541C840: __dbl_mp_fma (mpa.c:349)
==26889==    by 0x541DAFA: __slowpow_fma (slowpow.c:86)
==26889==    by 0x540EF6F: power1 (e_pow.c:240)
==26889==    by 0x540EF6F: __ieee754_pow_fma (e_pow.c:116)
==26889==    by 0x5394B13: pow (w_pow_compat.c:30)
==26889==    by 0x401C73: main (in /home/user42/42/miniRT/miniRT)
==26889== 
==26889== Conditional jump or move depends on uninitialised value(s)
==26889==    at 0x541FEBC: __mpexp_fma (mpexp.c:82)
==26889==    by 0x541C245: __mplog_fma (mplog.c:59)
==26889==    by 0x541DB0A: __slowpow_fma (slowpow.c:91)
==26889==    by 0x540EF6F: power1 (e_pow.c:240)
==26889==    by 0x540EF6F: __ieee754_pow_fma (e_pow.c:116)
==26889==    by 0x5394B13: pow (w_pow_compat.c:30)
==26889==    by 0x401C73: main (in /home/user42/42/miniRT/miniRT)
==26889== 
==26889== Conditional jump or move depends on uninitialised value(s)
==26889==    at 0x541FECC: __mpexp_fma (mpexp.c:82)
==26889==    by 0x541C245: __mplog_fma (mplog.c:59)
==26889==    by 0x541DB0A: __slowpow_fma (slowpow.c:91)
==26889==    by 0x540EF6F: power1 (e_pow.c:240)
==26889==    by 0x540EF6F: __ieee754_pow_fma (e_pow.c:116)
==26889==    by 0x5394B13: pow (w_pow_compat.c:30)
==26889==    by 0x401C73: main (in /home/user42/42/miniRT/miniRT)
==26889== 
==26889== Conditional jump or move depends on uninitialised value(s)
==26889==    at 0x541FED4: __mpexp_fma (mpexp.c:84)
==26889==    by 0x541C245: __mplog_fma (mplog.c:59)
==26889==    by 0x541DB0A: __slowpow_fma (slowpow.c:91)
==26889==    by 0x540EF6F: power1 (e_pow.c:240)
==26889==    by 0x540EF6F: __ieee754_pow_fma (e_pow.c:116)
==26889==    by 0x5394B13: pow (w_pow_compat.c:30)
==26889==    by 0x401C73: main (in /home/user42/42/miniRT/miniRT)
==26889== 
==26889== Conditional jump or move depends on uninitialised value(s)
==26889==    at 0x541D12B: __mul_fma (mpa.c:632)
==26889==    by 0x541FF8A: __mpexp_fma (mpexp.c:114)
==26889==    by 0x541C245: __mplog_fma (mplog.c:59)
==26889==    by 0x541DB0A: __slowpow_fma (slowpow.c:91)
==26889==    by 0x540EF6F: power1 (e_pow.c:240)
==26889==    by 0x540EF6F: __ieee754_pow_fma (e_pow.c:116)
==26889==    by 0x5394B13: pow (w_pow_compat.c:30)
==26889==    by 0x401C73: main (in /home/user42/42/miniRT/miniRT)
==26889== 
==26889== Conditional jump or move depends on uninitialised value(s)
==26889==    at 0x541D446: __mul_fma (mpa.c:743)
==26889==    by 0x541FF8A: __mpexp_fma (mpexp.c:114)
==26889==    by 0x541C245: __mplog_fma (mplog.c:59)
==26889==    by 0x541DB0A: __slowpow_fma (slowpow.c:91)
==26889==    by 0x540EF6F: power1 (e_pow.c:240)
==26889==    by 0x540EF6F: __ieee754_pow_fma (e_pow.c:116)
==26889==    by 0x5394B13: pow (w_pow_compat.c:30)
==26889==    by 0x401C73: main (in /home/user42/42/miniRT/miniRT)
==26889== 
==26889== Conditional jump or move depends on uninitialised value(s)
==26889==    at 0x541C33A: sub_magnitudes (mpa.c:469)
==26889==    by 0x541CC20: __add_fma (mpa.c:549)
==26889==    by 0x541FFEC: __mpexp_fma (mpexp.c:138)
==26889==    by 0x541C245: __mplog_fma (mplog.c:59)
==26889==    by 0x541DB0A: __slowpow_fma (slowpow.c:91)
==26889==    by 0x540EF6F: power1 (e_pow.c:240)
==26889==    by 0x540EF6F: __ieee754_pow_fma (e_pow.c:116)
==26889==    by 0x5394B13: pow (w_pow_compat.c:30)
==26889==    by 0x401C73: main (in /home/user42/42/miniRT/miniRT)
==26889== 
==26889== Conditional jump or move depends on uninitialised value(s)
==26889==    at 0x541D137: __mul_fma (mpa.c:632)
==26889==    by 0x541FFFE: __mpexp_fma (mpexp.c:139)
==26889==    by 0x541C245: __mplog_fma (mplog.c:59)
==26889==    by 0x541DB0A: __slowpow_fma (slowpow.c:91)
==26889==    by 0x540EF6F: power1 (e_pow.c:240)
==26889==    by 0x540EF6F: __ieee754_pow_fma (e_pow.c:116)
==26889==    by 0x5394B13: pow (w_pow_compat.c:30)
==26889==    by 0x401C73: main (in /home/user42/42/miniRT/miniRT)
==26889== 
==26889== 
==26889== More than 100 errors detected.  Subsequent errors
==26889== will still be recorded, but in less detail than before.
==26889== Conditional jump or move depends on uninitialised value(s)
==26889==    at 0x541D12B: __mul_fma (mpa.c:632)
==26889==    by 0x541FFFE: __mpexp_fma (mpexp.c:139)
==26889==    by 0x541C245: __mplog_fma (mplog.c:59)
==26889==    by 0x541DB0A: __slowpow_fma (slowpow.c:91)
==26889==    by 0x540EF6F: power1 (e_pow.c:240)
==26889==    by 0x540EF6F: __ieee754_pow_fma (e_pow.c:116)
==26889==    by 0x5394B13: pow (w_pow_compat.c:30)
==26889==    by 0x401C73: main (in /home/user42/42/miniRT/miniRT)
==26889== 
==26889== Conditional jump or move depends on uninitialised value(s)
==26889==    at 0x541D492: __mul_fma (mpa.c:639)
==26889==    by 0x541FFFE: __mpexp_fma (mpexp.c:139)
==26889==    by 0x541C245: __mplog_fma (mplog.c:59)
==26889==    by 0x541DB0A: __slowpow_fma (slowpow.c:91)
==26889==    by 0x540EF6F: power1 (e_pow.c:240)
==26889==    by 0x540EF6F: __ieee754_pow_fma (e_pow.c:116)
==26889==    by 0x5394B13: pow (w_pow_compat.c:30)
==26889==    by 0x401C73: main (in /home/user42/42/miniRT/miniRT)
==26889== 
==26889== Conditional jump or move depends on uninitialised value(s)
==26889==    at 0x541D4A6: __mul_fma (mpa.c:639)
==26889==    by 0x541FFFE: __mpexp_fma (mpexp.c:139)
==26889==    by 0x541C245: __mplog_fma (mplog.c:59)
==26889==    by 0x541DB0A: __slowpow_fma (slowpow.c:91)
==26889==    by 0x540EF6F: power1 (e_pow.c:240)
==26889==    by 0x540EF6F: __ieee754_pow_fma (e_pow.c:116)
==26889==    by 0x5394B13: pow (w_pow_compat.c:30)
==26889==    by 0x401C73: main (in /home/user42/42/miniRT/miniRT)
==26889== 
==26889== Conditional jump or move depends on uninitialised value(s)
==26889==    at 0x541D446: __mul_fma (mpa.c:743)
==26889==    by 0x541FFFE: __mpexp_fma (mpexp.c:139)
==26889==    by 0x541C245: __mplog_fma (mplog.c:59)
==26889==    by 0x541DB0A: __slowpow_fma (slowpow.c:91)
==26889==    by 0x540EF6F: power1 (e_pow.c:240)
==26889==    by 0x540EF6F: __ieee754_pow_fma (e_pow.c:116)
==26889==    by 0x5394B13: pow (w_pow_compat.c:30)
==26889==    by 0x401C73: main (in /home/user42/42/miniRT/miniRT)
==26889== 
==26889== Conditional jump or move depends on uninitialised value(s)
==26889==    at 0x541D11A: __mul_fma (mpa.c:632)
==26889==    by 0x541FFFE: __mpexp_fma (mpexp.c:139)
==26889==    by 0x541C245: __mplog_fma (mplog.c:59)
==26889==    by 0x541DB0A: __slowpow_fma (slowpow.c:91)
==26889==    by 0x540EF6F: power1 (e_pow.c:240)
==26889==    by 0x540EF6F: __ieee754_pow_fma (e_pow.c:116)
==26889==    by 0x5394B13: pow (w_pow_compat.c:30)
==26889==    by 0x401C73: main (in /home/user42/42/miniRT/miniRT)
==26889== 
==26889== Conditional jump or move depends on uninitialised value(s)
==26889==    at 0x541C6D8: sub_magnitudes (mpa.c:457)
==26889==    by 0x541CC20: __add_fma (mpa.c:549)
==26889==    by 0x541FFEC: __mpexp_fma (mpexp.c:138)
==26889==    by 0x541C245: __mplog_fma (mplog.c:59)
==26889==    by 0x541DB0A: __slowpow_fma (slowpow.c:91)
==26889==    by 0x540EF6F: power1 (e_pow.c:240)
==26889==    by 0x540EF6F: __ieee754_pow_fma (e_pow.c:116)
==26889==    by 0x5394B13: pow (w_pow_compat.c:30)
==26889==    by 0x401C73: main (in /home/user42/42/miniRT/miniRT)
==26889== 
==26889== Conditional jump or move depends on uninitialised value(s)
==26889==    at 0x541D10E: __mul_fma (mpa.c:632)
==26889==    by 0x541D88F: __dvd_fma (mpa.c:904)
==26889==    by 0x5420028: __mpexp_fma (mpexp.c:142)
==26889==    by 0x541C245: __mplog_fma (mplog.c:59)
==26889==    by 0x541DB0A: __slowpow_fma (slowpow.c:91)
==26889==    by 0x540EF6F: power1 (e_pow.c:240)
==26889==    by 0x540EF6F: __ieee754_pow_fma (e_pow.c:116)
==26889==    by 0x5394B13: pow (w_pow_compat.c:30)
==26889==    by 0x401C73: main (in /home/user42/42/miniRT/miniRT)
==26889== 
==26889== Conditional jump or move depends on uninitialised value(s)
==26889==    at 0x541D446: __mul_fma (mpa.c:743)
==26889==    by 0x541D88F: __dvd_fma (mpa.c:904)
==26889==    by 0x5420028: __mpexp_fma (mpexp.c:142)
==26889==    by 0x541C245: __mplog_fma (mplog.c:59)
==26889==    by 0x541DB0A: __slowpow_fma (slowpow.c:91)
==26889==    by 0x540EF6F: power1 (e_pow.c:240)
==26889==    by 0x540EF6F: __ieee754_pow_fma (e_pow.c:116)
==26889==    by 0x5394B13: pow (w_pow_compat.c:30)
==26889==    by 0x401C73: main (in /home/user42/42/miniRT/miniRT)
==26889== 
==26889== Conditional jump or move depends on uninitialised value(s)
==26889==    at 0x541C6D8: sub_magnitudes (mpa.c:457)
==26889==    by 0x541CB40: __add_fma (mpa.c:544)
==26889==    by 0x542003C: __mpexp_fma (mpexp.c:143)
==26889==    by 0x541C245: __mplog_fma (mplog.c:59)
==26889==    by 0x541DB0A: __slowpow_fma (slowpow.c:91)
==26889==    by 0x540EF6F: power1 (e_pow.c:240)
==26889==    by 0x540EF6F: __ieee754_pow_fma (e_pow.c:116)
==26889==    by 0x5394B13: pow (w_pow_compat.c:30)
==26889==    by 0x401C73: main (in /home/user42/42/miniRT/miniRT)
==26889== 
==26889== Conditional jump or move depends on uninitialised value(s)
==26889==    at 0x541C33A: sub_magnitudes (mpa.c:469)
==26889==    by 0x541CB40: __add_fma (mpa.c:544)
==26889==    by 0x542003C: __mpexp_fma (mpexp.c:143)
==26889==    by 0x541C245: __mplog_fma (mplog.c:59)
==26889==    by 0x541DB0A: __slowpow_fma (slowpow.c:91)
==26889==    by 0x540EF6F: power1 (e_pow.c:240)
==26889==    by 0x540EF6F: __ieee754_pow_fma (e_pow.c:116)
==26889==    by 0x5394B13: pow (w_pow_compat.c:30)
==26889==    by 0x401C73: main (in /home/user42/42/miniRT/miniRT)
==26889== 
==26889== Conditional jump or move depends on uninitialised value(s)
==26889==    at 0x5407BC6: __sqr (mpa.c:777)
==26889==    by 0x5420080: __mpexp_fma (mpexp.c:148)
==26889==    by 0x541C245: __mplog_fma (mplog.c:59)
==26889==    by 0x541DB0A: __slowpow_fma (slowpow.c:91)
==26889==    by 0x540EF6F: power1 (e_pow.c:240)
==26889==    by 0x540EF6F: __ieee754_pow_fma (e_pow.c:116)
==26889==    by 0x5394B13: pow (w_pow_compat.c:30)
==26889==    by 0x401C73: main (in /home/user42/42/miniRT/miniRT)
==26889== 
==26889== Conditional jump or move depends on uninitialised value(s)
==26889==    at 0x5407D49: __sqr (mpa.c:841)
==26889==    by 0x5420080: __mpexp_fma (mpexp.c:148)
==26889==    by 0x541C245: __mplog_fma (mplog.c:59)
==26889==    by 0x541DB0A: __slowpow_fma (slowpow.c:91)
==26889==    by 0x540EF6F: power1 (e_pow.c:240)
==26889==    by 0x540EF6F: __ieee754_pow_fma (e_pow.c:116)
==26889==    by 0x5394B13: pow (w_pow_compat.c:30)
==26889==    by 0x401C73: main (in /home/user42/42/miniRT/miniRT)
==26889== 
==26889== Conditional jump or move depends on uninitialised value(s)
==26889==    at 0x5407BC6: __sqr (mpa.c:777)
==26889==    by 0x542006E: __mpexp_fma (mpexp.c:155)
==26889==    by 0x541C245: __mplog_fma (mplog.c:59)
==26889==    by 0x541DB0A: __slowpow_fma (slowpow.c:91)
==26889==    by 0x540EF6F: power1 (e_pow.c:240)
==26889==    by 0x540EF6F: __ieee754_pow_fma (e_pow.c:116)
==26889==    by 0x5394B13: pow (w_pow_compat.c:30)
==26889==    by 0x401C73: main (in /home/user42/42/miniRT/miniRT)
==26889== 
==26889== Conditional jump or move depends on uninitialised value(s)
==26889==    at 0x5407D49: __sqr (mpa.c:841)
==26889==    by 0x542006E: __mpexp_fma (mpexp.c:155)
==26889==    by 0x541C245: __mplog_fma (mplog.c:59)
==26889==    by 0x541DB0A: __slowpow_fma (slowpow.c:91)
==26889==    by 0x540EF6F: power1 (e_pow.c:240)
==26889==    by 0x540EF6F: __ieee754_pow_fma (e_pow.c:116)
==26889==    by 0x5394B13: pow (w_pow_compat.c:30)
==26889==    by 0x401C73: main (in /home/user42/42/miniRT/miniRT)
==26889== 
==26889== Conditional jump or move depends on uninitialised value(s)
==26889==    at 0x541D11A: __mul_fma (mpa.c:632)
==26889==    by 0x541C257: __mplog_fma (mplog.c:60)
==26889==    by 0x541DB0A: __slowpow_fma (slowpow.c:91)
==26889==    by 0x540EF6F: power1 (e_pow.c:240)
==26889==    by 0x540EF6F: __ieee754_pow_fma (e_pow.c:116)
==26889==    by 0x5394B13: pow (w_pow_compat.c:30)
==26889==    by 0x401C73: main (in /home/user42/42/miniRT/miniRT)
==26889== 
==26889== Conditional jump or move depends on uninitialised value(s)
==26889==    at 0x541D4A6: __mul_fma (mpa.c:639)
==26889==    by 0x541C257: __mplog_fma (mplog.c:60)
==26889==    by 0x541DB0A: __slowpow_fma (slowpow.c:91)
==26889==    by 0x540EF6F: power1 (e_pow.c:240)
==26889==    by 0x540EF6F: __ieee754_pow_fma (e_pow.c:116)
==26889==    by 0x5394B13: pow (w_pow_compat.c:30)
==26889==    by 0x401C73: main (in /home/user42/42/miniRT/miniRT)
==26889== 
==26889== Conditional jump or move depends on uninitialised value(s)
==26889==    at 0x541D446: __mul_fma (mpa.c:743)
==26889==    by 0x541C257: __mplog_fma (mplog.c:60)
==26889==    by 0x541DB0A: __slowpow_fma (slowpow.c:91)
==26889==    by 0x540EF6F: power1 (e_pow.c:240)
==26889==    by 0x540EF6F: __ieee754_pow_fma (e_pow.c:116)
==26889==    by 0x5394B13: pow (w_pow_compat.c:30)
==26889==    by 0x401C73: main (in /home/user42/42/miniRT/miniRT)
==26889== 
==26889== Conditional jump or move depends on uninitialised value(s)
==26889==    at 0x541C6D8: sub_magnitudes (mpa.c:457)
==26889==    by 0x541D090: __sub_fma (mpa.c:600)
==26889==    by 0x541C26B: __mplog_fma (mplog.c:61)
==26889==    by 0x541DB0A: __slowpow_fma (slowpow.c:91)
==26889==    by 0x540EF6F: power1 (e_pow.c:240)
==26889==    by 0x540EF6F: __ieee754_pow_fma (e_pow.c:116)
==26889==    by 0x5394B13: pow (w_pow_compat.c:30)
==26889==    by 0x401C73: main (in /home/user42/42/miniRT/miniRT)
==26889== 
==26889== Conditional jump or move depends on uninitialised value(s)
==26889==    at 0x541C33A: sub_magnitudes (mpa.c:469)
==26889==    by 0x541D090: __sub_fma (mpa.c:600)
==26889==    by 0x541C26B: __mplog_fma (mplog.c:61)
==26889==    by 0x541DB0A: __slowpow_fma (slowpow.c:91)
==26889==    by 0x540EF6F: power1 (e_pow.c:240)
==26889==    by 0x540EF6F: __ieee754_pow_fma (e_pow.c:116)
==26889==    by 0x5394B13: pow (w_pow_compat.c:30)
==26889==    by 0x401C73: main (in /home/user42/42/miniRT/miniRT)
==26889== 
==26889== Conditional jump or move depends on uninitialised value(s)
==26889==    at 0x541C3ED: sub_magnitudes (mpa.c:498)
==26889==    by 0x541D090: __sub_fma (mpa.c:600)
==26889==    by 0x541C26B: __mplog_fma (mplog.c:61)
==26889==    by 0x541DB0A: __slowpow_fma (slowpow.c:91)
==26889==    by 0x540EF6F: power1 (e_pow.c:240)
==26889==    by 0x540EF6F: __ieee754_pow_fma (e_pow.c:116)
==26889==    by 0x5394B13: pow (w_pow_compat.c:30)
==26889==    by 0x401C73: main (in /home/user42/42/miniRT/miniRT)
==26889== 
==26889== Conditional jump or move depends on uninitialised value(s)
==26889==    at 0x541C367: sub_magnitudes (mpa.c:485)
==26889==    by 0x541CB40: __add_fma (mpa.c:544)
==26889==    by 0x541C27B: __mplog_fma (mplog.c:62)
==26889==    by 0x541DB0A: __slowpow_fma (slowpow.c:91)
==26889==    by 0x540EF6F: power1 (e_pow.c:240)
==26889==    by 0x540EF6F: __ieee754_pow_fma (e_pow.c:116)
==26889==    by 0x5394B13: pow (w_pow_compat.c:30)
==26889==    by 0x401C73: main (in /home/user42/42/miniRT/miniRT)
==26889== 
==26889== Conditional jump or move depends on uninitialised value(s)
==26889==    at 0x541C381: sub_magnitudes (mpa.c:485)
==26889==    by 0x541CB40: __add_fma (mpa.c:544)
==26889==    by 0x541C27B: __mplog_fma (mplog.c:62)
==26889==    by 0x541DB0A: __slowpow_fma (slowpow.c:91)
==26889==    by 0x540EF6F: power1 (e_pow.c:240)
==26889==    by 0x540EF6F: __ieee754_pow_fma (e_pow.c:116)
==26889==    by 0x5394B13: pow (w_pow_compat.c:30)
==26889==    by 0x401C73: main (in /home/user42/42/miniRT/miniRT)
==26889== 
==26889== Conditional jump or move depends on uninitialised value(s)
==26889==    at 0x541C3CA: sub_magnitudes (mpa.c:498)
==26889==    by 0x541CB40: __add_fma (mpa.c:544)
==26889==    by 0x541C27B: __mplog_fma (mplog.c:62)
==26889==    by 0x541DB0A: __slowpow_fma (slowpow.c:91)
==26889==    by 0x540EF6F: power1 (e_pow.c:240)
==26889==    by 0x540EF6F: __ieee754_pow_fma (e_pow.c:116)
==26889==    by 0x5394B13: pow (w_pow_compat.c:30)
==26889==    by 0x401C73: main (in /home/user42/42/miniRT/miniRT)
==26889== 
==26889== Conditional jump or move depends on uninitialised value(s)
==26889==    at 0x541D10E: __mul_fma (mpa.c:632)
==26889==    by 0x541FF8A: __mpexp_fma (mpexp.c:114)
==26889==    by 0x541C245: __mplog_fma (mplog.c:59)
==26889==    by 0x541DB0A: __slowpow_fma (slowpow.c:91)
==26889==    by 0x540EF6F: power1 (e_pow.c:240)
==26889==    by 0x540EF6F: __ieee754_pow_fma (e_pow.c:116)
==26889==    by 0x5394B13: pow (w_pow_compat.c:30)
==26889==    by 0x401C73: main (in /home/user42/42/miniRT/miniRT)
==26889== 
==26889== Conditional jump or move depends on uninitialised value(s)
==26889==    at 0x541D10E: __mul_fma (mpa.c:632)
==26889==    by 0x541FFFE: __mpexp_fma (mpexp.c:139)
==26889==    by 0x541C245: __mplog_fma (mplog.c:59)
==26889==    by 0x541DB0A: __slowpow_fma (slowpow.c:91)
==26889==    by 0x540EF6F: power1 (e_pow.c:240)
==26889==    by 0x540EF6F: __ieee754_pow_fma (e_pow.c:116)
==26889==    by 0x5394B13: pow (w_pow_compat.c:30)
==26889==    by 0x401C73: main (in /home/user42/42/miniRT/miniRT)
==26889== 
==26889== Conditional jump or move depends on uninitialised value(s)
==26889==    at 0x541D11A: __mul_fma (mpa.c:632)
==26889==    by 0x541DB1D: __slowpow_fma (slowpow.c:92)
==26889==    by 0x540EF6F: power1 (e_pow.c:240)
==26889==    by 0x540EF6F: __ieee754_pow_fma (e_pow.c:116)
==26889==    by 0x5394B13: pow (w_pow_compat.c:30)
==26889==    by 0x401C73: main (in /home/user42/42/miniRT/miniRT)
==26889== 
==26889== Conditional jump or move depends on uninitialised value(s)
==26889==    at 0x541D446: __mul_fma (mpa.c:743)
==26889==    by 0x541DB1D: __slowpow_fma (slowpow.c:92)
==26889==    by 0x540EF6F: power1 (e_pow.c:240)
==26889==    by 0x540EF6F: __ieee754_pow_fma (e_pow.c:116)
==26889==    by 0x5394B13: pow (w_pow_compat.c:30)
==26889==    by 0x401C73: main (in /home/user42/42/miniRT/miniRT)
==26889== 
==26889== Conditional jump or move depends on uninitialised value(s)
==26889==    at 0x541FEBC: __mpexp_fma (mpexp.c:82)
==26889==    by 0x541DB2D: __slowpow_fma (slowpow.c:93)
==26889==    by 0x540EF6F: power1 (e_pow.c:240)
==26889==    by 0x540EF6F: __ieee754_pow_fma (e_pow.c:116)
==26889==    by 0x5394B13: pow (w_pow_compat.c:30)
==26889==    by 0x401C73: main (in /home/user42/42/miniRT/miniRT)
==26889== 
==26889== Conditional jump or move depends on uninitialised value(s)
==26889==    at 0x541FECC: __mpexp_fma (mpexp.c:82)
==26889==    by 0x541DB2D: __slowpow_fma (slowpow.c:93)
==26889==    by 0x540EF6F: power1 (e_pow.c:240)
==26889==    by 0x540EF6F: __ieee754_pow_fma (e_pow.c:116)
==26889==    by 0x5394B13: pow (w_pow_compat.c:30)
==26889==    by 0x401C73: main (in /home/user42/42/miniRT/miniRT)
==26889== 
==26889== Conditional jump or move depends on uninitialised value(s)
==26889==    at 0x541FED4: __mpexp_fma (mpexp.c:84)
==26889==    by 0x541DB2D: __slowpow_fma (slowpow.c:93)
==26889==    by 0x540EF6F: power1 (e_pow.c:240)
==26889==    by 0x540EF6F: __ieee754_pow_fma (e_pow.c:116)
==26889==    by 0x5394B13: pow (w_pow_compat.c:30)
==26889==    by 0x401C73: main (in /home/user42/42/miniRT/miniRT)
==26889== 
==26889== Conditional jump or move depends on uninitialised value(s)
==26889==    at 0x541CAF3: add_magnitudes (mpa.c:392)
==26889==    by 0x541CAF3: __add_fma (mpa.c:536)
==26889==    by 0x541FFEC: __mpexp_fma (mpexp.c:138)
==26889==    by 0x541DB2D: __slowpow_fma (slowpow.c:93)
==26889==    by 0x540EF6F: power1 (e_pow.c:240)
==26889==    by 0x540EF6F: __ieee754_pow_fma (e_pow.c:116)
==26889==    by 0x5394B13: pow (w_pow_compat.c:30)
==26889==    by 0x401C73: main (in /home/user42/42/miniRT/miniRT)
==26889== 
==26889== Conditional jump or move depends on uninitialised value(s)
==26889==    at 0x541CA63: add_magnitudes (mpa.c:392)
==26889==    by 0x541CA63: __add_fma (mpa.c:531)
==26889==    by 0x542003C: __mpexp_fma (mpexp.c:143)
==26889==    by 0x541DB2D: __slowpow_fma (slowpow.c:93)
==26889==    by 0x540EF6F: power1 (e_pow.c:240)
==26889==    by 0x540EF6F: __ieee754_pow_fma (e_pow.c:116)
==26889==    by 0x5394B13: pow (w_pow_compat.c:30)
==26889==    by 0x401C73: main (in /home/user42/42/miniRT/miniRT)
==26889== 
==26889== Conditional jump or move depends on uninitialised value(s)
==26889==    at 0x541CA63: add_magnitudes (mpa.c:392)
==26889==    by 0x541CA63: __add_fma (mpa.c:531)
==26889==    by 0x541DB50: __slowpow_fma (slowpow.c:97)
==26889==    by 0x540EF6F: power1 (e_pow.c:240)
==26889==    by 0x540EF6F: __ieee754_pow_fma (e_pow.c:116)
==26889==    by 0x5394B13: pow (w_pow_compat.c:30)
==26889==    by 0x401C73: main (in /home/user42/42/miniRT/miniRT)
==26889== 
==26889== Conditional jump or move depends on uninitialised value(s)
==26889==    at 0x541CB86: add_magnitudes (mpa.c:407)
==26889==    by 0x541CB86: __add_fma (mpa.c:531)
==26889==    by 0x541DB50: __slowpow_fma (slowpow.c:97)
==26889==    by 0x540EF6F: power1 (e_pow.c:240)
==26889==    by 0x540EF6F: __ieee754_pow_fma (e_pow.c:116)
==26889==    by 0x5394B13: pow (w_pow_compat.c:30)
==26889==    by 0x401C73: main (in /home/user42/42/miniRT/miniRT)
==26889== 
==26889== Conditional jump or move depends on uninitialised value(s)
==26889==    at 0x54069FB: norm (mpa.c:144)
==26889==    by 0x54069FB: __mp_dbl (mpa.c:317)
==26889==    by 0x541DB64: __slowpow_fma (slowpow.c:98)
==26889==    by 0x540EF6F: power1 (e_pow.c:240)
==26889==    by 0x540EF6F: __ieee754_pow_fma (e_pow.c:116)
==26889==    by 0x5394B13: pow (w_pow_compat.c:30)
==26889==    by 0x401C73: main (in /home/user42/42/miniRT/miniRT)
==26889== 
==26889== Conditional jump or move depends on uninitialised value(s)
==26889==    at 0x5406A1C: norm (mpa.c:144)
==26889==    by 0x5406A1C: __mp_dbl (mpa.c:317)
==26889==    by 0x541DB64: __slowpow_fma (slowpow.c:98)
==26889==    by 0x540EF6F: power1 (e_pow.c:240)
==26889==    by 0x540EF6F: __ieee754_pow_fma (e_pow.c:116)
==26889==    by 0x5394B13: pow (w_pow_compat.c:30)
==26889==    by 0x401C73: main (in /home/user42/42/miniRT/miniRT)
==26889== 
==26889== Conditional jump or move depends on uninitialised value(s)
==26889==    at 0x5406A84: norm (mpa.c:162)
==26889==    by 0x5406A84: __mp_dbl (mpa.c:317)
==26889==    by 0x541DB64: __slowpow_fma (slowpow.c:98)
==26889==    by 0x540EF6F: power1 (e_pow.c:240)
==26889==    by 0x540EF6F: __ieee754_pow_fma (e_pow.c:116)
==26889==    by 0x5394B13: pow (w_pow_compat.c:30)
==26889==    by 0x401C73: main (in /home/user42/42/miniRT/miniRT)
==26889== 
==26889== Conditional jump or move depends on uninitialised value(s)
==26889==    at 0x541C33A: sub_magnitudes (mpa.c:469)
==26889==    by 0x541D078: __sub_fma (mpa.c:595)
==26889==    by 0x541DB87: __slowpow_fma (slowpow.c:99)
==26889==    by 0x540EF6F: power1 (e_pow.c:240)
==26889==    by 0x540EF6F: __ieee754_pow_fma (e_pow.c:116)
==26889==    by 0x5394B13: pow (w_pow_compat.c:30)
==26889==    by 0x401C73: main (in /home/user42/42/miniRT/miniRT)
==26889== 
==26889== Conditional jump or move depends on uninitialised value(s)
==26889==    at 0x541C367: sub_magnitudes (mpa.c:485)
==26889==    by 0x541D078: __sub_fma (mpa.c:595)
==26889==    by 0x541DB87: __slowpow_fma (slowpow.c:99)
==26889==    by 0x540EF6F: power1 (e_pow.c:240)
==26889==    by 0x540EF6F: __ieee754_pow_fma (e_pow.c:116)
==26889==    by 0x5394B13: pow (w_pow_compat.c:30)
==26889==    by 0x401C73: main (in /home/user42/42/miniRT/miniRT)
==26889== 
==26889== Conditional jump or move depends on uninitialised value(s)
==26889==    at 0x541C381: sub_magnitudes (mpa.c:485)
==26889==    by 0x541D078: __sub_fma (mpa.c:595)
==26889==    by 0x541DB87: __slowpow_fma (slowpow.c:99)
==26889==    by 0x540EF6F: power1 (e_pow.c:240)
==26889==    by 0x540EF6F: __ieee754_pow_fma (e_pow.c:116)
==26889==    by 0x5394B13: pow (w_pow_compat.c:30)
==26889==    by 0x401C73: main (in /home/user42/42/miniRT/miniRT)
==26889== 
==26889== Conditional jump or move depends on uninitialised value(s)
==26889==    at 0x541C3CA: sub_magnitudes (mpa.c:498)
==26889==    by 0x541D078: __sub_fma (mpa.c:595)
==26889==    by 0x541DB87: __slowpow_fma (slowpow.c:99)
==26889==    by 0x540EF6F: power1 (e_pow.c:240)
==26889==    by 0x540EF6F: __ieee754_pow_fma (e_pow.c:116)
==26889==    by 0x5394B13: pow (w_pow_compat.c:30)
==26889==    by 0x401C73: main (in /home/user42/42/miniRT/miniRT)
==26889== 
==26889== Conditional jump or move depends on uninitialised value(s)
==26889==    at 0x54069FB: norm (mpa.c:144)
==26889==    by 0x54069FB: __mp_dbl (mpa.c:317)
==26889==    by 0x541DB9D: __slowpow_fma (slowpow.c:100)
==26889==    by 0x540EF6F: power1 (e_pow.c:240)
==26889==    by 0x540EF6F: __ieee754_pow_fma (e_pow.c:116)
==26889==    by 0x5394B13: pow (w_pow_compat.c:30)
==26889==    by 0x401C73: main (in /home/user42/42/miniRT/miniRT)
==26889== 
==26889== Conditional jump or move depends on uninitialised value(s)
==26889==    at 0x5406A1C: norm (mpa.c:144)
==26889==    by 0x5406A1C: __mp_dbl (mpa.c:317)
==26889==    by 0x541DB9D: __slowpow_fma (slowpow.c:100)
==26889==    by 0x540EF6F: power1 (e_pow.c:240)
==26889==    by 0x540EF6F: __ieee754_pow_fma (e_pow.c:116)
==26889==    by 0x5394B13: pow (w_pow_compat.c:30)
==26889==    by 0x401C73: main (in /home/user42/42/miniRT/miniRT)
==26889== 
==26889== Conditional jump or move depends on uninitialised value(s)
==26889==    at 0x5406A84: norm (mpa.c:162)
==26889==    by 0x5406A84: __mp_dbl (mpa.c:317)
==26889==    by 0x541DB9D: __slowpow_fma (slowpow.c:100)
==26889==    by 0x540EF6F: power1 (e_pow.c:240)
==26889==    by 0x540EF6F: __ieee754_pow_fma (e_pow.c:116)
==26889==    by 0x5394B13: pow (w_pow_compat.c:30)
==26889==    by 0x401C73: main (in /home/user42/42/miniRT/miniRT)
==26889== 
==26889== Conditional jump or move depends on uninitialised value(s)
==26889==    at 0x541DBAA: __slowpow_fma (slowpow.c:101)
==26889==    by 0x540EF6F: power1 (e_pow.c:240)
==26889==    by 0x540EF6F: __ieee754_pow_fma (e_pow.c:116)
==26889==    by 0x5394B13: pow (w_pow_compat.c:30)
==26889==    by 0x401C73: main (in /home/user42/42/miniRT/miniRT)
==26889== 
==26889== Conditional jump or move depends on uninitialised value(s)
==26889==    at 0x541DBAC: __slowpow_fma (slowpow.c:101)
==26889==    by 0x540EF6F: power1 (e_pow.c:240)
==26889==    by 0x540EF6F: __ieee754_pow_fma (e_pow.c:116)
==26889==    by 0x5394B13: pow (w_pow_compat.c:30)
==26889==    by 0x401C73: main (in /home/user42/42/miniRT/miniRT)
==26889== 
==26889== Conditional jump or move depends on uninitialised value(s)
==26889==    at 0x5394B3B: pow (w_pow_compat.c:31)
==26889==    by 0x401C2A: main (in /home/user42/42/miniRT/miniRT)
==26889== 
==26889== Conditional jump or move depends on uninitialised value(s)
==26889==    at 0x5394B45: pow (w_pow_compat.c:55)
==26889==    by 0x401C2A: main (in /home/user42/42/miniRT/miniRT)
==26889== 
==26889== Conditional jump or move depends on uninitialised value(s)
==26889==    at 0x5394B47: pow (w_pow_compat.c:55)
==26889==    by 0x401C2A: main (in /home/user42/42/miniRT/miniRT)
==26889== 
==26889== Conditional jump or move depends on uninitialised value(s)
==26889==    at 0x406DCA: ft_max (in /home/user42/42/miniRT/miniRT)
==26889==    by 0x401C3A: main (in /home/user42/42/miniRT/miniRT)
==26889== 
==26889== Conditional jump or move depends on uninitialised value(s)
==26889==    at 0x406DA3: ft_min (in /home/user42/42/miniRT/miniRT)
==26889==    by 0x401C4A: main (in /home/user42/42/miniRT/miniRT)
==26889== 
==26889== Conditional jump or move depends on uninitialised value(s)
==26889==    at 0x5394BBC: pow (w_pow_compat.c:56)
==26889==    by 0x401C73: main (in /home/user42/42/miniRT/miniRT)
==26889== 
==26889== Conditional jump or move depends on uninitialised value(s)
==26889==    at 0x5394BC2: pow (w_pow_compat.c:56)
==26889==    by 0x401C73: main (in /home/user42/42/miniRT/miniRT)
==26889== 
==26889== Conditional jump or move depends on uninitialised value(s)
==26889==    at 0x5394BC4: pow (w_pow_compat.c:56)
==26889==    by 0x401C73: main (in /home/user42/42/miniRT/miniRT)
==26889== 
==26889== Conditional jump or move depends on uninitialised value(s)
==26889==    at 0x54064A6: mcr (mpa.c:67)
==26889==    by 0x54064A6: __acr (mpa.c:99)
==26889==    by 0x541CE24: __sub_fma (mpa.c:593)
==26889==    by 0x541C26B: __mplog_fma (mplog.c:61)
==26889==    by 0x541DB0A: __slowpow_fma (slowpow.c:91)
==26889==    by 0x540EF6F: power1 (e_pow.c:240)
==26889==    by 0x540EF6F: __ieee754_pow_fma (e_pow.c:116)
==26889==    by 0x5394B13: pow (w_pow_compat.c:30)
==26889==    by 0x401C2A: main (in /home/user42/42/miniRT/miniRT)
==26889== 
==26889== Conditional jump or move depends on uninitialised value(s)
==26889==    at 0x54064E2: mcr (mpa.c:67)
==26889==    by 0x54064E2: __acr (mpa.c:99)
==26889==    by 0x541CE24: __sub_fma (mpa.c:593)
==26889==    by 0x541C26B: __mplog_fma (mplog.c:61)
==26889==    by 0x541DB0A: __slowpow_fma (slowpow.c:91)
==26889==    by 0x540EF6F: power1 (e_pow.c:240)
==26889==    by 0x540EF6F: __ieee754_pow_fma (e_pow.c:116)
==26889==    by 0x5394B13: pow (w_pow_compat.c:30)
==26889==    by 0x401C2A: main (in /home/user42/42/miniRT/miniRT)
==26889== 
==26889== Conditional jump or move depends on uninitialised value(s)
==26889==    at 0x541CE28: __sub_fma (mpa.c:593)
==26889==    by 0x541C26B: __mplog_fma (mplog.c:61)
==26889==    by 0x541DB0A: __slowpow_fma (slowpow.c:91)
==26889==    by 0x540EF6F: power1 (e_pow.c:240)
==26889==    by 0x540EF6F: __ieee754_pow_fma (e_pow.c:116)
==26889==    by 0x5394B13: pow (w_pow_compat.c:30)
==26889==    by 0x401C2A: main (in /home/user42/42/miniRT/miniRT)
==26889== 
==26889== Conditional jump or move depends on uninitialised value(s)
==26889==    at 0x541C3ED: sub_magnitudes (mpa.c:498)
==26889==    by 0x541D078: __sub_fma (mpa.c:595)
==26889==    by 0x541C26B: __mplog_fma (mplog.c:61)
==26889==    by 0x541DB0A: __slowpow_fma (slowpow.c:91)
==26889==    by 0x540EF6F: power1 (e_pow.c:240)
==26889==    by 0x540EF6F: __ieee754_pow_fma (e_pow.c:116)
==26889==    by 0x5394B13: pow (w_pow_compat.c:30)
==26889==    by 0x401C2A: main (in /home/user42/42/miniRT/miniRT)
==26889== 
==26889== Conditional jump or move depends on uninitialised value(s)
==26889==    at 0x541CA63: add_magnitudes (mpa.c:392)
==26889==    by 0x541CA63: __add_fma (mpa.c:531)
==26889==    by 0x541C27B: __mplog_fma (mplog.c:62)
==26889==    by 0x541DB0A: __slowpow_fma (slowpow.c:91)
==26889==    by 0x540EF6F: power1 (e_pow.c:240)
==26889==    by 0x540EF6F: __ieee754_pow_fma (e_pow.c:116)
==26889==    by 0x5394B13: pow (w_pow_compat.c:30)
==26889==    by 0x401C2A: main (in /home/user42/42/miniRT/miniRT)
==26889== 
==26889== Conditional jump or move depends on uninitialised value(s)
==26889==    at 0x541CB86: add_magnitudes (mpa.c:407)
==26889==    by 0x541CB86: __add_fma (mpa.c:531)
==26889==    by 0x541C27B: __mplog_fma (mplog.c:62)
==26889==    by 0x541DB0A: __slowpow_fma (slowpow.c:91)
==26889==    by 0x540EF6F: power1 (e_pow.c:240)
==26889==    by 0x540EF6F: __ieee754_pow_fma (e_pow.c:116)
==26889==    by 0x5394B13: pow (w_pow_compat.c:30)
==26889==    by 0x401C2A: main (in /home/user42/42/miniRT/miniRT)
==26889== 
==26889== Conditional jump or move depends on uninitialised value(s)
==26889==    at 0x542010F: __mpexp_fma (mpexp.c:88)
==26889==    by 0x541DB2D: __slowpow_fma (slowpow.c:93)
==26889==    by 0x540EF6F: power1 (e_pow.c:240)
==26889==    by 0x540EF6F: __ieee754_pow_fma (e_pow.c:116)
==26889==    by 0x5394B13: pow (w_pow_compat.c:30)
==26889==    by 0x401C2A: main (in /home/user42/42/miniRT/miniRT)
==26889== 
==26889== 
==26889== HEAP SUMMARY:
==26889==     in use at exit: 74,685 bytes in 77 blocks
==26889==   total heap usage: 843 allocs, 766 frees, 93,003 bytes allocated
==26889== 
==26889== 0 bytes in 1 blocks are still reachable in loss record 1 of 50
==26889==    at 0x4C2FB0F: malloc (in /usr/lib/valgrind/vgpreload_memcheck-amd64-linux.so)
==26889==    by 0x407732: scene_init (in /home/user42/42/miniRT/miniRT)
==26889==    by 0x407BB5: parse (in /home/user42/42/miniRT/miniRT)
==26889==    by 0x401944: main (in /home/user42/42/miniRT/miniRT)
==26889== 
==26889== 0 bytes in 1 blocks are still reachable in loss record 2 of 50
==26889==    at 0x4C2FB0F: malloc (in /usr/lib/valgrind/vgpreload_memcheck-amd64-linux.so)
==26889==    by 0x4077B5: scene_init (in /home/user42/42/miniRT/miniRT)
==26889==    by 0x407BB5: parse (in /home/user42/42/miniRT/miniRT)
==26889==    by 0x401944: main (in /home/user42/42/miniRT/miniRT)
==26889== 
==26889== 0 bytes in 1 blocks are still reachable in loss record 3 of 50
==26889==    at 0x4C2FB0F: malloc (in /usr/lib/valgrind/vgpreload_memcheck-amd64-linux.so)
==26889==    by 0x4077FD: scene_init (in /home/user42/42/miniRT/miniRT)
==26889==    by 0x407BB5: parse (in /home/user42/42/miniRT/miniRT)
==26889==    by 0x401944: main (in /home/user42/42/miniRT/miniRT)
==26889== 
==26889== 5 bytes in 1 blocks are still reachable in loss record 4 of 50
==26889==    at 0x4C2FB0F: malloc (in /usr/lib/valgrind/vgpreload_memcheck-amd64-linux.so)
==26889==    by 0x59D69B9: strdup (strdup.c:42)
==26889==    by 0x507BEE1: XOpenDisplay (in /usr/lib/x86_64-linux-gnu/libX11.so.6.3.0)
==26889==    by 0x4099C2: mlx_init (in /home/user42/42/miniRT/miniRT)
==26889==    by 0x401922: main (in /home/user42/42/miniRT/miniRT)
==26889== 
==26889== 8 bytes in 1 blocks are still reachable in loss record 5 of 50
==26889==    at 0x4C2FB0F: malloc (in /usr/lib/valgrind/vgpreload_memcheck-amd64-linux.so)
==26889==    by 0x59D69B9: strdup (strdup.c:42)
==26889==    by 0x5075FD1: XInitExtension (in /usr/lib/x86_64-linux-gnu/libX11.so.6.3.0)
==26889==    by 0x4E48FDE: XextAddDisplay (in /usr/lib/x86_64-linux-gnu/libXext.so.6.4.0)
==26889==    by 0x4E444DC: XShmQueryVersion (in /usr/lib/x86_64-linux-gnu/libXext.so.6.4.0)
==26889==    by 0x40989F: mlx_int_deal_shm (in /home/user42/42/miniRT/miniRT)
==26889==    by 0x409A4B: mlx_init (in /home/user42/42/miniRT/miniRT)
==26889==    by 0x401922: main (in /home/user42/42/miniRT/miniRT)
==26889== 
==26889== 8 bytes in 1 blocks are still reachable in loss record 6 of 50
==26889==    at 0x4C2FB0F: malloc (in /usr/lib/valgrind/vgpreload_memcheck-amd64-linux.so)
==26889==    by 0x4E48D3E: ??? (in /usr/lib/x86_64-linux-gnu/libXext.so.6.4.0)
==26889==    by 0x4E48DAA: ??? (in /usr/lib/x86_64-linux-gnu/libXext.so.6.4.0)
==26889==    by 0x4E49181: XextAddDisplay (in /usr/lib/x86_64-linux-gnu/libXext.so.6.4.0)
==26889==    by 0x4E444DC: XShmQueryVersion (in /usr/lib/x86_64-linux-gnu/libXext.so.6.4.0)
==26889==    by 0x40989F: mlx_int_deal_shm (in /home/user42/42/miniRT/miniRT)
==26889==    by 0x409A4B: mlx_init (in /home/user42/42/miniRT/miniRT)
==26889==    by 0x401922: main (in /home/user42/42/miniRT/miniRT)
==26889== 
==26889== 10 bytes in 1 blocks are still reachable in loss record 7 of 50
==26889==    at 0x4C2FB0F: malloc (in /usr/lib/valgrind/vgpreload_memcheck-amd64-linux.so)
==26889==    by 0x59D69B9: strdup (strdup.c:42)
==26889==    by 0x5075FD1: XInitExtension (in /usr/lib/x86_64-linux-gnu/libX11.so.6.3.0)
==26889==    by 0x50E00FB: XkbUseExtension (in /usr/lib/x86_64-linux-gnu/libX11.so.6.3.0)
==26889==    by 0x507C953: XOpenDisplay (in /usr/lib/x86_64-linux-gnu/libX11.so.6.3.0)
==26889==    by 0x4099C2: mlx_init (in /home/user42/42/miniRT/miniRT)
==26889==    by 0x401922: main (in /home/user42/42/miniRT/miniRT)
==26889== 
==26889== 16 bytes in 1 blocks are still reachable in loss record 8 of 50
==26889==    at 0x4C2FB0F: malloc (in /usr/lib/valgrind/vgpreload_memcheck-amd64-linux.so)
==26889==    by 0x5D3890D: ??? (in /usr/lib/x86_64-linux-gnu/libxcb.so.1.1.0)
==26889==    by 0x5D36E43: ??? (in /usr/lib/x86_64-linux-gnu/libxcb.so.1.1.0)
==26889==    by 0x5D35478: xcb_connect_to_fd (in /usr/lib/x86_64-linux-gnu/libxcb.so.1.1.0)
==26889==    by 0x5D39464: xcb_connect_to_display_with_auth_info (in /usr/lib/x86_64-linux-gnu/libxcb.so.1.1.0)
==26889==    by 0x508B561: _XConnectXCB (in /usr/lib/x86_64-linux-gnu/libX11.so.6.3.0)
==26889==    by 0x507BF01: XOpenDisplay (in /usr/lib/x86_64-linux-gnu/libX11.so.6.3.0)
==26889==    by 0x4099C2: mlx_init (in /home/user42/42/miniRT/miniRT)
==26889==    by 0x401922: main (in /home/user42/42/miniRT/miniRT)
==26889== 
==26889== 21 bytes in 1 blocks are still reachable in loss record 9 of 50
==26889==    at 0x4C2FB0F: malloc (in /usr/lib/valgrind/vgpreload_memcheck-amd64-linux.so)
==26889==    by 0x507C385: XOpenDisplay (in /usr/lib/x86_64-linux-gnu/libX11.so.6.3.0)
==26889==    by 0x4099C2: mlx_init (in /home/user42/42/miniRT/miniRT)
==26889==    by 0x401922: main (in /home/user42/42/miniRT/miniRT)
==26889== 
==26889== 24 bytes in 1 blocks are still reachable in loss record 10 of 50
==26889==    at 0x4C2FB0F: malloc (in /usr/lib/valgrind/vgpreload_memcheck-amd64-linux.so)
==26889==    by 0x4E48F4D: XextCreateExtension (in /usr/lib/x86_64-linux-gnu/libXext.so.6.4.0)
==26889==    by 0x4E48A14: ??? (in /usr/lib/x86_64-linux-gnu/libXext.so.6.4.0)
==26889==    by 0x4E48D97: ??? (in /usr/lib/x86_64-linux-gnu/libXext.so.6.4.0)
==26889==    by 0x4E49181: XextAddDisplay (in /usr/lib/x86_64-linux-gnu/libXext.so.6.4.0)
==26889==    by 0x4E444DC: XShmQueryVersion (in /usr/lib/x86_64-linux-gnu/libXext.so.6.4.0)
==26889==    by 0x40989F: mlx_int_deal_shm (in /home/user42/42/miniRT/miniRT)
==26889==    by 0x409A4B: mlx_init (in /home/user42/42/miniRT/miniRT)
==26889==    by 0x401922: main (in /home/user42/42/miniRT/miniRT)
==26889== 
==26889== 24 bytes in 1 blocks are still reachable in loss record 11 of 50
==26889==    at 0x4C2FB0F: malloc (in /usr/lib/valgrind/vgpreload_memcheck-amd64-linux.so)
==26889==    by 0x59D69B9: strdup (strdup.c:42)
==26889==    by 0x5075FD1: XInitExtension (in /usr/lib/x86_64-linux-gnu/libX11.so.6.3.0)
==26889==    by 0x4E48FDE: XextAddDisplay (in /usr/lib/x86_64-linux-gnu/libXext.so.6.4.0)
==26889==    by 0x4E48A52: ??? (in /usr/lib/x86_64-linux-gnu/libXext.so.6.4.0)
==26889==    by 0x4E48D97: ??? (in /usr/lib/x86_64-linux-gnu/libXext.so.6.4.0)
==26889==    by 0x4E49181: XextAddDisplay (in /usr/lib/x86_64-linux-gnu/libXext.so.6.4.0)
==26889==    by 0x4E444DC: XShmQueryVersion (in /usr/lib/x86_64-linux-gnu/libXext.so.6.4.0)
==26889==    by 0x40989F: mlx_int_deal_shm (in /home/user42/42/miniRT/miniRT)
==26889==    by 0x409A4B: mlx_init (in /home/user42/42/miniRT/miniRT)
==26889==    by 0x401922: main (in /home/user42/42/miniRT/miniRT)
==26889== 
==26889== 24 bytes in 1 blocks are still reachable in loss record 12 of 50
==26889==    at 0x4C2FB0F: malloc (in /usr/lib/valgrind/vgpreload_memcheck-amd64-linux.so)
==26889==    by 0x4E48DCD: ??? (in /usr/lib/x86_64-linux-gnu/libXext.so.6.4.0)
==26889==    by 0x4E49181: XextAddDisplay (in /usr/lib/x86_64-linux-gnu/libXext.so.6.4.0)
==26889==    by 0x4E444DC: XShmQueryVersion (in /usr/lib/x86_64-linux-gnu/libXext.so.6.4.0)
==26889==    by 0x40989F: mlx_int_deal_shm (in /home/user42/42/miniRT/miniRT)
==26889==    by 0x409A4B: mlx_init (in /home/user42/42/miniRT/miniRT)
==26889==    by 0x401922: main (in /home/user42/42/miniRT/miniRT)
==26889== 
==26889== 28 bytes in 1 blocks are still reachable in loss record 13 of 50
==26889==    at 0x4C2FB0F: malloc (in /usr/lib/valgrind/vgpreload_memcheck-amd64-linux.so)
==26889==    by 0x407842: scene_init (in /home/user42/42/miniRT/miniRT)
==26889==    by 0x407BB5: parse (in /home/user42/42/miniRT/miniRT)
==26889==    by 0x401944: main (in /home/user42/42/miniRT/miniRT)
==26889== 
==26889== 28 bytes in 1 blocks are still reachable in loss record 14 of 50
==26889==    at 0x4C2FB0F: malloc (in /usr/lib/valgrind/vgpreload_memcheck-amd64-linux.so)
==26889==    by 0x4078C6: scene_init (in /home/user42/42/miniRT/miniRT)
==26889==    by 0x407BB5: parse (in /home/user42/42/miniRT/miniRT)
==26889==    by 0x401944: main (in /home/user42/42/miniRT/miniRT)
==26889== 
==26889== 29 bytes in 1 blocks are still reachable in loss record 15 of 50
==26889==    at 0x4C2FB0F: malloc (in /usr/lib/valgrind/vgpreload_memcheck-amd64-linux.so)
==26889==    by 0x5076DC7: _XUpdateAtomCache (in /usr/lib/x86_64-linux-gnu/libX11.so.6.3.0)
==26889==    by 0x5077189: XInternAtom (in /usr/lib/x86_64-linux-gnu/libX11.so.6.3.0)
==26889==    by 0x5087693: XSetWMProtocols (in /usr/lib/x86_64-linux-gnu/libX11.so.6.3.0)
==26889==    by 0x409D73: mlx_new_window (in /home/user42/42/miniRT/miniRT)
==26889==    by 0x401985: main (in /home/user42/42/miniRT/miniRT)
==26889== 
==26889== 32 bytes in 1 blocks are still reachable in loss record 16 of 50
==26889==    at 0x4C2FA3F: malloc (in /usr/lib/valgrind/vgpreload_memcheck-amd64-linux.so)
==26889==    by 0x4C31D84: realloc (in /usr/lib/valgrind/vgpreload_memcheck-amd64-linux.so)
==26889==    by 0x5D38576: ??? (in /usr/lib/x86_64-linux-gnu/libxcb.so.1.1.0)
==26889==    by 0x5D385F9: xcb_get_extension_data (in /usr/lib/x86_64-linux-gnu/libxcb.so.1.1.0)
==26889==    by 0x5D35C4E: xcb_prefetch_maximum_request_length (in /usr/lib/x86_64-linux-gnu/libxcb.so.1.1.0)
==26889==    by 0x5D35CC4: xcb_get_maximum_request_length (in /usr/lib/x86_64-linux-gnu/libxcb.so.1.1.0)
==26889==    by 0x507C80B: XOpenDisplay (in /usr/lib/x86_64-linux-gnu/libX11.so.6.3.0)
==26889==    by 0x4099C2: mlx_init (in /home/user42/42/miniRT/miniRT)
==26889==    by 0x401922: main (in /home/user42/42/miniRT/miniRT)
==26889== 
==26889== 32 bytes in 1 blocks are still reachable in loss record 17 of 50
==26889==    at 0x4C2FB0F: malloc (in /usr/lib/valgrind/vgpreload_memcheck-amd64-linux.so)
==26889==    by 0x5D37C5B: ??? (in /usr/lib/x86_64-linux-gnu/libxcb.so.1.1.0)
==26889==    by 0x5D35A07: ??? (in /usr/lib/x86_64-linux-gnu/libxcb.so.1.1.0)
==26889==    by 0x5D3706E: ??? (in /usr/lib/x86_64-linux-gnu/libxcb.so.1.1.0)
==26889==    by 0x5D3717F: xcb_wait_for_reply (in /usr/lib/x86_64-linux-gnu/libxcb.so.1.1.0)
==26889==    by 0x5D38642: xcb_get_extension_data (in /usr/lib/x86_64-linux-gnu/libxcb.so.1.1.0)
==26889==    by 0x5D35C4E: xcb_prefetch_maximum_request_length (in /usr/lib/x86_64-linux-gnu/libxcb.so.1.1.0)
==26889==    by 0x5D35CC4: xcb_get_maximum_request_length (in /usr/lib/x86_64-linux-gnu/libxcb.so.1.1.0)
==26889==    by 0x507C80B: XOpenDisplay (in /usr/lib/x86_64-linux-gnu/libX11.so.6.3.0)
==26889==    by 0x4099C2: mlx_init (in /home/user42/42/miniRT/miniRT)
==26889==    by 0x401922: main (in /home/user42/42/miniRT/miniRT)
==26889== 
==26889== 32 bytes in 1 blocks are still reachable in loss record 18 of 50
==26889==    at 0x4C2FB0F: malloc (in /usr/lib/valgrind/vgpreload_memcheck-amd64-linux.so)
==26889==    by 0x4E48FBF: XextAddDisplay (in /usr/lib/x86_64-linux-gnu/libXext.so.6.4.0)
==26889==    by 0x4E444DC: XShmQueryVersion (in /usr/lib/x86_64-linux-gnu/libXext.so.6.4.0)
==26889==    by 0x40989F: mlx_int_deal_shm (in /home/user42/42/miniRT/miniRT)
==26889==    by 0x409A4B: mlx_init (in /home/user42/42/miniRT/miniRT)
==26889==    by 0x401922: main (in /home/user42/42/miniRT/miniRT)
==26889== 
==26889== 32 bytes in 1 blocks are still reachable in loss record 19 of 50
==26889==    at 0x4C2FB0F: malloc (in /usr/lib/valgrind/vgpreload_memcheck-amd64-linux.so)
==26889==    by 0x4E48FBF: XextAddDisplay (in /usr/lib/x86_64-linux-gnu/libXext.so.6.4.0)
==26889==    by 0x4E48A52: ??? (in /usr/lib/x86_64-linux-gnu/libXext.so.6.4.0)
==26889==    by 0x4E48D97: ??? (in /usr/lib/x86_64-linux-gnu/libXext.so.6.4.0)
==26889==    by 0x4E49181: XextAddDisplay (in /usr/lib/x86_64-linux-gnu/libXext.so.6.4.0)
==26889==    by 0x4E444DC: XShmQueryVersion (in /usr/lib/x86_64-linux-gnu/libXext.so.6.4.0)
==26889==    by 0x40989F: mlx_int_deal_shm (in /home/user42/42/miniRT/miniRT)
==26889==    by 0x409A4B: mlx_init (in /home/user42/42/miniRT/miniRT)
==26889==    by 0x401922: main (in /home/user42/42/miniRT/miniRT)
==26889== 
==26889== 33 bytes in 1 blocks are still reachable in loss record 20 of 50
==26889==    at 0x4C2FB0F: malloc (in /usr/lib/valgrind/vgpreload_memcheck-amd64-linux.so)
==26889==    by 0x5076DC7: _XUpdateAtomCache (in /usr/lib/x86_64-linux-gnu/libX11.so.6.3.0)
==26889==    by 0x5077189: XInternAtom (in /usr/lib/x86_64-linux-gnu/libX11.so.6.3.0)
==26889==    by 0x409A3D: mlx_init (in /home/user42/42/miniRT/miniRT)
==26889==    by 0x401922: main (in /home/user42/42/miniRT/miniRT)
==26889== 
==26889== 40 bytes in 1 blocks are still reachable in loss record 21 of 50
==26889==    at 0x4C2FB0F: malloc (in /usr/lib/valgrind/vgpreload_memcheck-amd64-linux.so)
==26889==    by 0x508D5BD: _XPollfdCacheInit (in /usr/lib/x86_64-linux-gnu/libX11.so.6.3.0)
==26889==    by 0x507C1B5: XOpenDisplay (in /usr/lib/x86_64-linux-gnu/libX11.so.6.3.0)
==26889==    by 0x4099C2: mlx_init (in /home/user42/42/miniRT/miniRT)
==26889==    by 0x401922: main (in /home/user42/42/miniRT/miniRT)
==26889== 
==26889== 40 bytes in 1 blocks are still reachable in loss record 22 of 50
==26889==    at 0x4C2FB0F: malloc (in /usr/lib/valgrind/vgpreload_memcheck-amd64-linux.so)
==26889==    by 0x407884: scene_init (in /home/user42/42/miniRT/miniRT)
==26889==    by 0x407BB5: parse (in /home/user42/42/miniRT/miniRT)
==26889==    by 0x401944: main (in /home/user42/42/miniRT/miniRT)
==26889== 
==26889== 48 bytes in 1 blocks are still reachable in loss record 23 of 50
==26889==    at 0x4C2FB0F: malloc (in /usr/lib/valgrind/vgpreload_memcheck-amd64-linux.so)
==26889==    by 0x508B4E9: _XConnectXCB (in /usr/lib/x86_64-linux-gnu/libX11.so.6.3.0)
==26889==    by 0x507BF01: XOpenDisplay (in /usr/lib/x86_64-linux-gnu/libX11.so.6.3.0)
==26889==    by 0x4099C2: mlx_init (in /home/user42/42/miniRT/miniRT)
==26889==    by 0x401922: main (in /home/user42/42/miniRT/miniRT)
==26889== 
==26889== 48 bytes in 1 blocks are still reachable in loss record 24 of 50
==26889==    at 0x4C2FB0F: malloc (in /usr/lib/valgrind/vgpreload_memcheck-amd64-linux.so)
==26889==    by 0x508B4FF: _XConnectXCB (in /usr/lib/x86_64-linux-gnu/libX11.so.6.3.0)
==26889==    by 0x507BF01: XOpenDisplay (in /usr/lib/x86_64-linux-gnu/libX11.so.6.3.0)
==26889==    by 0x4099C2: mlx_init (in /home/user42/42/miniRT/miniRT)
==26889==    by 0x401922: main (in /home/user42/42/miniRT/miniRT)
==26889== 
==26889== 72 bytes in 1 blocks are still reachable in loss record 25 of 50
==26889==    at 0x4C31B25: calloc (in /usr/lib/valgrind/vgpreload_memcheck-amd64-linux.so)
==26889==    by 0x507C264: XOpenDisplay (in /usr/lib/x86_64-linux-gnu/libX11.so.6.3.0)
==26889==    by 0x4099C2: mlx_init (in /home/user42/42/miniRT/miniRT)
==26889==    by 0x401922: main (in /home/user42/42/miniRT/miniRT)
==26889== 
==26889== 88 bytes in 1 blocks are still reachable in loss record 26 of 50
==26889==    at 0x4C31B25: calloc (in /usr/lib/valgrind/vgpreload_memcheck-amd64-linux.so)
==26889==    by 0x40A137: mlx_int_new_xshm_image (in /home/user42/42/miniRT/miniRT)
==26889==    by 0x40A446: mlx_new_image (in /home/user42/42/miniRT/miniRT)
==26889==    by 0x40199D: main (in /home/user42/42/miniRT/miniRT)
==26889== 
==26889== 104 bytes in 1 blocks are still reachable in loss record 27 of 50
==26889==    at 0x4C31B25: calloc (in /usr/lib/valgrind/vgpreload_memcheck-amd64-linux.so)
==26889==    by 0x508B3EE: _XConnectXCB (in /usr/lib/x86_64-linux-gnu/libX11.so.6.3.0)
==26889==    by 0x507BF01: XOpenDisplay (in /usr/lib/x86_64-linux-gnu/libX11.so.6.3.0)
==26889==    by 0x4099C2: mlx_init (in /home/user42/42/miniRT/miniRT)
==26889==    by 0x401922: main (in /home/user42/42/miniRT/miniRT)
==26889== 
==26889== 112 bytes in 1 blocks are still reachable in loss record 28 of 50
==26889==    at 0x4C31B25: calloc (in /usr/lib/valgrind/vgpreload_memcheck-amd64-linux.so)
==26889==    by 0x507C53F: XOpenDisplay (in /usr/lib/x86_64-linux-gnu/libX11.so.6.3.0)
==26889==    by 0x4099C2: mlx_init (in /home/user42/42/miniRT/miniRT)
==26889==    by 0x401922: main (in /home/user42/42/miniRT/miniRT)
==26889== 
==26889== 120 bytes in 1 blocks are still reachable in loss record 29 of 50
==26889==    at 0x4C2FB0F: malloc (in /usr/lib/valgrind/vgpreload_memcheck-amd64-linux.so)
==26889==    by 0x4099AA: mlx_init (in /home/user42/42/miniRT/miniRT)
==26889==    by 0x401922: main (in /home/user42/42/miniRT/miniRT)
==26889== 
==26889== 128 bytes in 1 blocks are still reachable in loss record 30 of 50
==26889==    at 0x4C31B25: calloc (in /usr/lib/valgrind/vgpreload_memcheck-amd64-linux.so)
==26889==    by 0x507C46F: XOpenDisplay (in /usr/lib/x86_64-linux-gnu/libX11.so.6.3.0)
==26889==    by 0x4099C2: mlx_init (in /home/user42/42/miniRT/miniRT)
==26889==    by 0x401922: main (in /home/user42/42/miniRT/miniRT)
==26889== 
==26889== 128 bytes in 1 blocks are still reachable in loss record 31 of 50
==26889==    at 0x4C31B25: calloc (in /usr/lib/valgrind/vgpreload_memcheck-amd64-linux.so)
==26889==    by 0x5075FBE: XInitExtension (in /usr/lib/x86_64-linux-gnu/libX11.so.6.3.0)
==26889==    by 0x50E00FB: XkbUseExtension (in /usr/lib/x86_64-linux-gnu/libX11.so.6.3.0)
==26889==    by 0x507C953: XOpenDisplay (in /usr/lib/x86_64-linux-gnu/libX11.so.6.3.0)
==26889==    by 0x4099C2: mlx_init (in /home/user42/42/miniRT/miniRT)
==26889==    by 0x401922: main (in /home/user42/42/miniRT/miniRT)
==26889== 
==26889== 128 bytes in 1 blocks are still reachable in loss record 32 of 50
==26889==    at 0x4C31B25: calloc (in /usr/lib/valgrind/vgpreload_memcheck-amd64-linux.so)
==26889==    by 0x5075FBE: XInitExtension (in /usr/lib/x86_64-linux-gnu/libX11.so.6.3.0)
==26889==    by 0x4E48FDE: XextAddDisplay (in /usr/lib/x86_64-linux-gnu/libXext.so.6.4.0)
==26889==    by 0x4E444DC: XShmQueryVersion (in /usr/lib/x86_64-linux-gnu/libXext.so.6.4.0)
==26889==    by 0x40989F: mlx_int_deal_shm (in /home/user42/42/miniRT/miniRT)
==26889==    by 0x409A4B: mlx_init (in /home/user42/42/miniRT/miniRT)
==26889==    by 0x401922: main (in /home/user42/42/miniRT/miniRT)
==26889== 
==26889== 128 bytes in 1 blocks are still reachable in loss record 33 of 50
==26889==    at 0x4C31B25: calloc (in /usr/lib/valgrind/vgpreload_memcheck-amd64-linux.so)
==26889==    by 0x5075FBE: XInitExtension (in /usr/lib/x86_64-linux-gnu/libX11.so.6.3.0)
==26889==    by 0x4E48FDE: XextAddDisplay (in /usr/lib/x86_64-linux-gnu/libXext.so.6.4.0)
==26889==    by 0x4E48A52: ??? (in /usr/lib/x86_64-linux-gnu/libXext.so.6.4.0)
==26889==    by 0x4E48D97: ??? (in /usr/lib/x86_64-linux-gnu/libXext.so.6.4.0)
==26889==    by 0x4E49181: XextAddDisplay (in /usr/lib/x86_64-linux-gnu/libXext.so.6.4.0)
==26889==    by 0x4E444DC: XShmQueryVersion (in /usr/lib/x86_64-linux-gnu/libXext.so.6.4.0)
==26889==    by 0x40989F: mlx_int_deal_shm (in /home/user42/42/miniRT/miniRT)
==26889==    by 0x409A4B: mlx_init (in /home/user42/42/miniRT/miniRT)
==26889==    by 0x401922: main (in /home/user42/42/miniRT/miniRT)
==26889== 
==26889== 136 bytes in 1 blocks are still reachable in loss record 34 of 50
==26889==    at 0x4C31B25: calloc (in /usr/lib/valgrind/vgpreload_memcheck-amd64-linux.so)
==26889==    by 0x4E448C0: XShmCreateImage (in /usr/lib/x86_64-linux-gnu/libXext.so.6.4.0)
==26889==    by 0x40A16A: mlx_int_new_xshm_image (in /home/user42/42/miniRT/miniRT)
==26889==    by 0x40A446: mlx_new_image (in /home/user42/42/miniRT/miniRT)
==26889==    by 0x40199D: main (in /home/user42/42/miniRT/miniRT)
==26889== 
==26889== 152 bytes in 1 blocks are still reachable in loss record 35 of 50
==26889==    at 0x4C31B25: calloc (in /usr/lib/valgrind/vgpreload_memcheck-amd64-linux.so)
==26889==    by 0x50E01EE: XkbUseExtension (in /usr/lib/x86_64-linux-gnu/libX11.so.6.3.0)
==26889==    by 0x507C953: XOpenDisplay (in /usr/lib/x86_64-linux-gnu/libX11.so.6.3.0)
==26889==    by 0x4099C2: mlx_init (in /home/user42/42/miniRT/miniRT)
==26889==    by 0x401922: main (in /home/user42/42/miniRT/miniRT)
==26889== 
==26889== 160 bytes in 1 blocks are still reachable in loss record 36 of 50
==26889==    at 0x4C2FB0F: malloc (in /usr/lib/valgrind/vgpreload_memcheck-amd64-linux.so)
==26889==    by 0x506A2FB: XCreateGC (in /usr/lib/x86_64-linux-gnu/libX11.so.6.3.0)
==26889==    by 0x507C887: XOpenDisplay (in /usr/lib/x86_64-linux-gnu/libX11.so.6.3.0)
==26889==    by 0x4099C2: mlx_init (in /home/user42/42/miniRT/miniRT)
==26889==    by 0x401922: main (in /home/user42/42/miniRT/miniRT)
==26889== 
==26889== 168 bytes in 1 blocks are still reachable in loss record 37 of 50
==26889==    at 0x4C31B25: calloc (in /usr/lib/valgrind/vgpreload_memcheck-amd64-linux.so)
==26889==    by 0x507C3F0: XOpenDisplay (in /usr/lib/x86_64-linux-gnu/libX11.so.6.3.0)
==26889==    by 0x4099C2: mlx_init (in /home/user42/42/miniRT/miniRT)
==26889==    by 0x401922: main (in /home/user42/42/miniRT/miniRT)
==26889== 
==26889== 180 bytes in 1 blocks are still reachable in loss record 38 of 50
==26889==    at 0x4C2FB0F: malloc (in /usr/lib/valgrind/vgpreload_memcheck-amd64-linux.so)
==26889==    by 0x407774: scene_init (in /home/user42/42/miniRT/miniRT)
==26889==    by 0x407BB5: parse (in /home/user42/42/miniRT/miniRT)
==26889==    by 0x401944: main (in /home/user42/42/miniRT/miniRT)
==26889== 
==26889== 208 bytes in 1 blocks are still reachable in loss record 39 of 50
==26889==    at 0x4C2FB0F: malloc (in /usr/lib/valgrind/vgpreload_memcheck-amd64-linux.so)
==26889==    by 0x4E48CE9: ??? (in /usr/lib/x86_64-linux-gnu/libXext.so.6.4.0)
==26889==    by 0x4E48DAA: ??? (in /usr/lib/x86_64-linux-gnu/libXext.so.6.4.0)
==26889==    by 0x4E49181: XextAddDisplay (in /usr/lib/x86_64-linux-gnu/libXext.so.6.4.0)
==26889==    by 0x4E444DC: XShmQueryVersion (in /usr/lib/x86_64-linux-gnu/libXext.so.6.4.0)
==26889==    by 0x40989F: mlx_int_deal_shm (in /home/user42/42/miniRT/miniRT)
==26889==    by 0x409A4B: mlx_init (in /home/user42/42/miniRT/miniRT)
==26889==    by 0x401922: main (in /home/user42/42/miniRT/miniRT)
==26889== 
==26889== 208 bytes in 1 blocks are still reachable in loss record 40 of 50
==26889==    at 0x4C2FB0F: malloc (in /usr/lib/valgrind/vgpreload_memcheck-amd64-linux.so)
==26889==    by 0x508EB6E: _XEnq (in /usr/lib/x86_64-linux-gnu/libX11.so.6.3.0)
==26889==    by 0x508B8BE: ??? (in /usr/lib/x86_64-linux-gnu/libX11.so.6.3.0)
==26889==    by 0x508C328: _XReadEvents (in /usr/lib/x86_64-linux-gnu/libX11.so.6.3.0)
==26889==    by 0x508A8CD: XWindowEvent (in /usr/lib/x86_64-linux-gnu/libX11.so.6.3.0)
==26889==    by 0x409FF1: mlx_int_wait_first_expose (in /home/user42/42/miniRT/miniRT)
==26889==    by 0x409DD9: mlx_new_window (in /home/user42/42/miniRT/miniRT)
==26889==    by 0x401985: main (in /home/user42/42/miniRT/miniRT)
==26889== 
==26889== 416 bytes in 2 blocks are still reachable in loss record 41 of 50
==26889==    at 0x4C2FB0F: malloc (in /usr/lib/valgrind/vgpreload_memcheck-amd64-linux.so)
==26889==    by 0x508EB6E: _XEnq (in /usr/lib/x86_64-linux-gnu/libX11.so.6.3.0)
==26889==    by 0x508B8BE: ??? (in /usr/lib/x86_64-linux-gnu/libX11.so.6.3.0)
==26889==    by 0x508C82F: _XReply (in /usr/lib/x86_64-linux-gnu/libX11.so.6.3.0)
==26889==    by 0x507711E: XInternAtom (in /usr/lib/x86_64-linux-gnu/libX11.so.6.3.0)
==26889==    by 0x5087693: XSetWMProtocols (in /usr/lib/x86_64-linux-gnu/libX11.so.6.3.0)
==26889==    by 0x409D73: mlx_new_window (in /home/user42/42/miniRT/miniRT)
==26889==    by 0x401985: main (in /home/user42/42/miniRT/miniRT)
==26889== 
==26889== 512 bytes in 1 blocks are still reachable in loss record 42 of 50
==26889==    at 0x4C31B25: calloc (in /usr/lib/valgrind/vgpreload_memcheck-amd64-linux.so)
==26889==    by 0x5076CF3: ??? (in /usr/lib/x86_64-linux-gnu/libX11.so.6.3.0)
==26889==    by 0x50770A9: XInternAtom (in /usr/lib/x86_64-linux-gnu/libX11.so.6.3.0)
==26889==    by 0x409A3D: mlx_init (in /home/user42/42/miniRT/miniRT)
==26889==    by 0x401922: main (in /home/user42/42/miniRT/miniRT)
==26889== 
==26889== 1,331 bytes in 1 blocks are still reachable in loss record 43 of 50
==26889==    at 0x4C2FB0F: malloc (in /usr/lib/valgrind/vgpreload_memcheck-amd64-linux.so)
==26889==    by 0x507C9BF: XOpenDisplay (in /usr/lib/x86_64-linux-gnu/libX11.so.6.3.0)
==26889==    by 0x4099C2: mlx_init (in /home/user42/42/miniRT/miniRT)
==26889==    by 0x401922: main (in /home/user42/42/miniRT/miniRT)
==26889== 
==26889== 2,288 bytes in 11 blocks are still reachable in loss record 44 of 50
==26889==    at 0x4C2FB0F: malloc (in /usr/lib/valgrind/vgpreload_memcheck-amd64-linux.so)
==26889==    by 0x508EB6E: _XEnq (in /usr/lib/x86_64-linux-gnu/libX11.so.6.3.0)
==26889==    by 0x508B8BE: ??? (in /usr/lib/x86_64-linux-gnu/libX11.so.6.3.0)
==26889==    by 0x508C204: _XEventsQueued (in /usr/lib/x86_64-linux-gnu/libX11.so.6.3.0)
==26889==    by 0x506D749: XFlush (in /usr/lib/x86_64-linux-gnu/libX11.so.6.3.0)
==26889==    by 0x401D85: main (in /home/user42/42/miniRT/miniRT)
==26889== 
==26889== 3,328 bytes in 16 blocks are still reachable in loss record 45 of 50
==26889==    at 0x4C2FB0F: malloc (in /usr/lib/valgrind/vgpreload_memcheck-amd64-linux.so)
==26889==    by 0x508EB6E: _XEnq (in /usr/lib/x86_64-linux-gnu/libX11.so.6.3.0)
==26889==    by 0x508B8BE: ??? (in /usr/lib/x86_64-linux-gnu/libX11.so.6.3.0)
==26889==    by 0x508C374: _XReadEvents (in /usr/lib/x86_64-linux-gnu/libX11.so.6.3.0)
==26889==    by 0x508A8CD: XWindowEvent (in /usr/lib/x86_64-linux-gnu/libX11.so.6.3.0)
==26889==    by 0x409FF1: mlx_int_wait_first_expose (in /home/user42/42/miniRT/miniRT)
==26889==    by 0x409DD9: mlx_new_window (in /home/user42/42/miniRT/miniRT)
==26889==    by 0x401985: main (in /home/user42/42/miniRT/miniRT)
==26889== 
==26889== 4,680 bytes in 1 blocks are still reachable in loss record 46 of 50
==26889==    at 0x4C31B25: calloc (in /usr/lib/valgrind/vgpreload_memcheck-amd64-linux.so)
==26889==    by 0x507BECD: XOpenDisplay (in /usr/lib/x86_64-linux-gnu/libX11.so.6.3.0)
==26889==    by 0x4099C2: mlx_init (in /home/user42/42/miniRT/miniRT)
==26889==    by 0x401922: main (in /home/user42/42/miniRT/miniRT)
==26889== 
==26889== 6,692 bytes in 1 blocks are still reachable in loss record 47 of 50
==26889==    at 0x4C31D2F: realloc (in /usr/lib/valgrind/vgpreload_memcheck-amd64-linux.so)
==26889==    by 0x5D355AD: xcb_connect_to_fd (in /usr/lib/x86_64-linux-gnu/libxcb.so.1.1.0)
==26889==    by 0x5D39464: xcb_connect_to_display_with_auth_info (in /usr/lib/x86_64-linux-gnu/libxcb.so.1.1.0)
==26889==    by 0x508B561: _XConnectXCB (in /usr/lib/x86_64-linux-gnu/libX11.so.6.3.0)
==26889==    by 0x507BF01: XOpenDisplay (in /usr/lib/x86_64-linux-gnu/libX11.so.6.3.0)
==26889==    by 0x4099C2: mlx_init (in /home/user42/42/miniRT/miniRT)
==26889==    by 0x401922: main (in /home/user42/42/miniRT/miniRT)
==26889== 
==26889== 15,120 bytes in 2 blocks are still reachable in loss record 48 of 50
==26889==    at 0x4C31B25: calloc (in /usr/lib/valgrind/vgpreload_memcheck-amd64-linux.so)
==26889==    by 0x507C673: XOpenDisplay (in /usr/lib/x86_64-linux-gnu/libX11.so.6.3.0)
==26889==    by 0x4099C2: mlx_init (in /home/user42/42/miniRT/miniRT)
==26889==    by 0x401922: main (in /home/user42/42/miniRT/miniRT)
==26889== 
==26889== 16,384 bytes in 1 blocks are still reachable in loss record 49 of 50
==26889==    at 0x4C31B25: calloc (in /usr/lib/valgrind/vgpreload_memcheck-amd64-linux.so)
==26889==    by 0x507C205: XOpenDisplay (in /usr/lib/x86_64-linux-gnu/libX11.so.6.3.0)
==26889==    by 0x4099C2: mlx_init (in /home/user42/42/miniRT/miniRT)
==26889==    by 0x401922: main (in /home/user42/42/miniRT/miniRT)
==26889== 
==26889== 21,152 bytes in 1 blocks are still reachable in loss record 50 of 50
==26889==    at 0x4C31B25: calloc (in /usr/lib/valgrind/vgpreload_memcheck-amd64-linux.so)
==26889==    by 0x5D353C0: xcb_connect_to_fd (in /usr/lib/x86_64-linux-gnu/libxcb.so.1.1.0)
==26889==    by 0x5D39464: xcb_connect_to_display_with_auth_info (in /usr/lib/x86_64-linux-gnu/libxcb.so.1.1.0)
==26889==    by 0x508B561: _XConnectXCB (in /usr/lib/x86_64-linux-gnu/libX11.so.6.3.0)
==26889==    by 0x507BF01: XOpenDisplay (in /usr/lib/x86_64-linux-gnu/libX11.so.6.3.0)
==26889==    by 0x4099C2: mlx_init (in /home/user42/42/miniRT/miniRT)
==26889==    by 0x401922: main (in /home/user42/42/miniRT/miniRT)
==26889== 
==26889== LEAK SUMMARY:
==26889==    definitely lost: 0 bytes in 0 blocks
==26889==    indirectly lost: 0 bytes in 0 blocks
==26889==      possibly lost: 0 bytes in 0 blocks
==26889==    still reachable: 74,685 bytes in 77 blocks
==26889==         suppressed: 0 bytes in 0 blocks
==26889== 
==26889== For counts of detected and suppressed errors, rerun with: -v
==26889== Use --track-origins=yes to see where uninitialised values come from
==26889== ERROR SUMMARY: 6151065 errors from 161 contexts (suppressed: 2 from 1)
